main start at this time 1733007469.2431393
-----------------------------------------before load data 
 Nvidia-smi: 0.3560791015625 GB
    Memory Allocated: 0.0  GigaBytes
Max Memory Allocated: 0.0  GigaBytes

  NumNodes: 2708
  NumEdges: 10556
  NumFeats: 1433
  NumClasses: 7
  NumTrainingSamples: 140
  NumValidationSamples: 500
  NumTestSamples: 1000
Done loading data from cached files.
success----------------------------------------
# Nodes: 2708
# Edges: 10556
# Train: 140
# Val: 500
# Test: 2068
# Classes: 7

----------------------------------------start of run function 
 Nvidia-smi: 0.3560791015625 GB
    Memory Allocated: 0.0  GigaBytes
Max Memory Allocated: 0.0  GigaBytes

full batch src global  2092
full batch dst global  140
----------------------------------------after load_block_subtensor
 Nvidia-smi: 0.89990234375 GB
    Memory Allocated: 0.3791794776916504  GigaBytes
Max Memory Allocated: 0.3791794776916504  GigaBytes

----------------------------------------after block to device
 Nvidia-smi: 0.89990234375 GB
    Memory Allocated: 0.3792576789855957  GigaBytes
Max Memory Allocated: 0.3792576789855957  GigaBytes

----------------------------------------after model
 Nvidia-smi: 2.04052734375 GB
    Memory Allocated: 1.453841209411621  GigaBytes
Max Memory Allocated: 1.4617719650268555  GigaBytes

full batch train ------ loss 1.9522513151168823
----------------------------------------after loss
 Nvidia-smi: 2.04052734375 GB
    Memory Allocated: 1.4538459777832031  GigaBytes
Max Memory Allocated: 1.4617719650268555  GigaBytes

----------------------------------------after loss backward
 Nvidia-smi: 2.48583984375 GB
    Memory Allocated: 0.7607688903808594  GigaBytes
Max Memory Allocated: 1.767871379852295  GigaBytes


----------------------------------------full batch
 Nvidia-smi: 3.29833984375 GB
    Memory Allocated: 1.1252164840698242  GigaBytes
Max Memory Allocated: 1.8566160202026367  GigaBytes

full batch src global  2081
full batch dst global  140
----------------------------------------after load_block_subtensor
 Nvidia-smi: 3.29833984375 GB
    Memory Allocated: 1.1245059967041016  GigaBytes
Max Memory Allocated: 1.8566160202026367  GigaBytes

----------------------------------------after block to device
 Nvidia-smi: 3.29833984375 GB
    Memory Allocated: 1.1245841979980469  GigaBytes
Max Memory Allocated: 1.8566160202026367  GigaBytes

----------------------------------------after model
 Nvidia-smi: 3.30029296875 GB
    Memory Allocated: 2.1923742294311523  GigaBytes
Max Memory Allocated: 2.199336051940918  GigaBytes

full batch train ------ loss 1.972959041595459
----------------------------------------after loss
 Nvidia-smi: 3.30029296875 GB
    Memory Allocated: 2.1922755241394043  GigaBytes
Max Memory Allocated: 2.199336051940918  GigaBytes

----------------------------------------after loss backward
 Nvidia-smi: 3.30029296875 GB
    Memory Allocated: 1.490769386291504  GigaBytes
Max Memory Allocated: 2.4984140396118164  GigaBytes


----------------------------------------full batch
 Nvidia-smi: 3.36279296875 GB
    Memory Allocated: 1.1246070861816406  GigaBytes
Max Memory Allocated: 2.4984140396118164  GigaBytes

full batch src global  2095
full batch dst global  140
----------------------------------------after load_block_subtensor
 Nvidia-smi: 3.36279296875 GB
    Memory Allocated: 1.1251153945922852  GigaBytes
Max Memory Allocated: 2.4984140396118164  GigaBytes

----------------------------------------after block to device
 Nvidia-smi: 3.36279296875 GB
    Memory Allocated: 1.1251935958862305  GigaBytes
Max Memory Allocated: 2.4984140396118164  GigaBytes

----------------------------------------after model
 Nvidia-smi: 3.36279296875 GB
    Memory Allocated: 2.1941590309143066  GigaBytes
Max Memory Allocated: 2.4984140396118164  GigaBytes

full batch train ------ loss 1.9737099409103394
----------------------------------------after loss
 Nvidia-smi: 3.36279296875 GB
    Memory Allocated: 2.1940603256225586  GigaBytes
Max Memory Allocated: 2.4984140396118164  GigaBytes

----------------------------------------after loss backward
 Nvidia-smi: 3.36279296875 GB
    Memory Allocated: 1.4914426803588867  GigaBytes
Max Memory Allocated: 2.5009751319885254  GigaBytes


----------------------------------------full batch
 Nvidia-smi: 3.36279296875 GB
    Memory Allocated: 1.1252164840698242  GigaBytes
Max Memory Allocated: 2.5009751319885254  GigaBytes

full batch src global  2101
full batch dst global  140
----------------------------------------after load_block_subtensor
 Nvidia-smi: 3.36279296875 GB
    Memory Allocated: 1.124612808227539  GigaBytes
Max Memory Allocated: 2.5009751319885254  GigaBytes

----------------------------------------after block to device
 Nvidia-smi: 3.36279296875 GB
    Memory Allocated: 1.1246910095214844  GigaBytes
Max Memory Allocated: 2.5009751319885254  GigaBytes

----------------------------------------after model
 Nvidia-smi: 3.36279296875 GB
    Memory Allocated: 2.193699836730957  GigaBytes
Max Memory Allocated: 2.5009751319885254  GigaBytes

full batch train ------ loss 1.8666576147079468
----------------------------------------after loss
 Nvidia-smi: 3.36279296875 GB
    Memory Allocated: 2.193601131439209  GigaBytes
Max Memory Allocated: 2.5009751319885254  GigaBytes

----------------------------------------after loss backward
 Nvidia-smi: 3.36279296875 GB
    Memory Allocated: 1.490941047668457  GigaBytes
Max Memory Allocated: 2.5009751319885254  GigaBytes


----------------------------------------full batch
 Nvidia-smi: 3.36279296875 GB
    Memory Allocated: 1.1247148513793945  GigaBytes
Max Memory Allocated: 2.5009751319885254  GigaBytes

full batch src global  2089
full batch dst global  140
----------------------------------------after load_block_subtensor
 Nvidia-smi: 3.36279296875 GB
    Memory Allocated: 1.1251163482666016  GigaBytes
Max Memory Allocated: 2.5009751319885254  GigaBytes

----------------------------------------after block to device
 Nvidia-smi: 3.36279296875 GB
    Memory Allocated: 1.1251945495605469  GigaBytes
Max Memory Allocated: 2.5009751319885254  GigaBytes

----------------------------------------after model
 Nvidia-smi: 3.36279296875 GB
    Memory Allocated: 2.19320011138916  GigaBytes
Max Memory Allocated: 2.5009751319885254  GigaBytes

full batch train ------ loss 1.8309941291809082
----------------------------------------after loss
 Nvidia-smi: 3.36279296875 GB
    Memory Allocated: 2.1931004524230957  GigaBytes
Max Memory Allocated: 2.5009751319885254  GigaBytes

----------------------------------------after loss backward
 Nvidia-smi: 3.36279296875 GB
    Memory Allocated: 1.4913997650146484  GigaBytes
Max Memory Allocated: 2.5009751319885254  GigaBytes


----------------------------------------full batch
 Nvidia-smi: 3.36279296875 GB
    Memory Allocated: 1.1252164840698242  GigaBytes
Max Memory Allocated: 2.5009751319885254  GigaBytes

full batch src global  2111
full batch dst global  140
----------------------------------------after load_block_subtensor
 Nvidia-smi: 3.36279296875 GB
    Memory Allocated: 1.1246662139892578  GigaBytes
Max Memory Allocated: 2.5009751319885254  GigaBytes

----------------------------------------after block to device
 Nvidia-smi: 3.36279296875 GB
    Memory Allocated: 1.1247444152832031  GigaBytes
Max Memory Allocated: 2.5009751319885254  GigaBytes

----------------------------------------after model
 Nvidia-smi: 3.36279296875 GB
    Memory Allocated: 2.195568084716797  GigaBytes
Max Memory Allocated: 2.5009751319885254  GigaBytes

full batch train ------ loss 1.763663411140442
----------------------------------------after loss
 Nvidia-smi: 3.36279296875 GB
    Memory Allocated: 2.195469379425049  GigaBytes
Max Memory Allocated: 2.5009751319885254  GigaBytes

----------------------------------------after loss backward
 Nvidia-smi: 3.36279296875 GB
    Memory Allocated: 1.4902687072753906  GigaBytes
Max Memory Allocated: 2.5016613006591797  GigaBytes


----------------------------------------full batch
 Nvidia-smi: 3.36279296875 GB
    Memory Allocated: 1.1247673034667969  GigaBytes
Max Memory Allocated: 2.5016613006591797  GigaBytes

full batch src global  2104
full batch dst global  140
----------------------------------------after load_block_subtensor
 Nvidia-smi: 3.36279296875 GB
    Memory Allocated: 1.1251153945922852  GigaBytes
Max Memory Allocated: 2.5016613006591797  GigaBytes

----------------------------------------after block to device
 Nvidia-smi: 3.36279296875 GB
    Memory Allocated: 1.1251935958862305  GigaBytes
Max Memory Allocated: 2.5016613006591797  GigaBytes

----------------------------------------after model
 Nvidia-smi: 3.36279296875 GB
    Memory Allocated: 2.1927528381347656  GigaBytes
Max Memory Allocated: 2.5016613006591797  GigaBytes

full batch train ------ loss 1.6330257654190063
----------------------------------------after loss
 Nvidia-smi: 3.36279296875 GB
    Memory Allocated: 2.1926541328430176  GigaBytes
Max Memory Allocated: 2.5016613006591797  GigaBytes

----------------------------------------after loss backward
 Nvidia-smi: 3.36279296875 GB
    Memory Allocated: 1.4906959533691406  GigaBytes
Max Memory Allocated: 2.5016613006591797  GigaBytes


----------------------------------------full batch
 Nvidia-smi: 3.36279296875 GB
    Memory Allocated: 1.1252164840698242  GigaBytes
Max Memory Allocated: 2.5016613006591797  GigaBytes

full batch src global  2083
full batch dst global  140
----------------------------------------after load_block_subtensor
 Nvidia-smi: 3.36279296875 GB
    Memory Allocated: 1.124516487121582  GigaBytes
Max Memory Allocated: 2.5016613006591797  GigaBytes

----------------------------------------after block to device
 Nvidia-smi: 3.36279296875 GB
    Memory Allocated: 1.1245946884155273  GigaBytes
Max Memory Allocated: 2.5016613006591797  GigaBytes

----------------------------------------after model
 Nvidia-smi: 3.36279296875 GB
    Memory Allocated: 2.1907482147216797  GigaBytes
Max Memory Allocated: 2.5016613006591797  GigaBytes

full batch train ------ loss 1.7638682126998901
----------------------------------------after loss
 Nvidia-smi: 3.36279296875 GB
    Memory Allocated: 2.1906495094299316  GigaBytes
Max Memory Allocated: 2.5016613006591797  GigaBytes

----------------------------------------after loss backward
 Nvidia-smi: 3.36279296875 GB
    Memory Allocated: 1.4908113479614258  GigaBytes
Max Memory Allocated: 2.5016613006591797  GigaBytes


----------------------------------------full batch
 Nvidia-smi: 3.36279296875 GB
    Memory Allocated: 1.124617576599121  GigaBytes
Max Memory Allocated: 2.5016613006591797  GigaBytes

full batch src global  2095
full batch dst global  140
----------------------------------------after load_block_subtensor
 Nvidia-smi: 3.36279296875 GB
    Memory Allocated: 1.1251153945922852  GigaBytes
Max Memory Allocated: 2.5016613006591797  GigaBytes

----------------------------------------after block to device
 Nvidia-smi: 3.36279296875 GB
    Memory Allocated: 1.1251935958862305  GigaBytes
Max Memory Allocated: 2.5016613006591797  GigaBytes

----------------------------------------after model
 Nvidia-smi: 3.36474609375 GB
    Memory Allocated: 2.1944985389709473  GigaBytes
Max Memory Allocated: 2.5016613006591797  GigaBytes

full batch train ------ loss 2.10026216506958
----------------------------------------after loss
 Nvidia-smi: 3.36474609375 GB
    Memory Allocated: 2.194399833679199  GigaBytes
Max Memory Allocated: 2.5016613006591797  GigaBytes

----------------------------------------after loss backward
 Nvidia-smi: 3.36474609375 GB
    Memory Allocated: 1.4914751052856445  GigaBytes
Max Memory Allocated: 2.5016613006591797  GigaBytes


----------------------------------------full batch
 Nvidia-smi: 3.36474609375 GB
    Memory Allocated: 1.1252164840698242  GigaBytes
Max Memory Allocated: 2.5016613006591797  GigaBytes

full batch src global  2082
full batch dst global  140
----------------------------------------after load_block_subtensor
 Nvidia-smi: 3.36474609375 GB
    Memory Allocated: 1.1245112419128418  GigaBytes
Max Memory Allocated: 2.5016613006591797  GigaBytes

----------------------------------------after block to device
 Nvidia-smi: 3.36474609375 GB
    Memory Allocated: 1.124589443206787  GigaBytes
Max Memory Allocated: 2.5016613006591797  GigaBytes

----------------------------------------after model
 Nvidia-smi: 3.36474609375 GB
    Memory Allocated: 2.196065902709961  GigaBytes
Max Memory Allocated: 2.5016613006591797  GigaBytes

full batch train ------ loss 2.489121675491333
----------------------------------------after loss
 Nvidia-smi: 3.36474609375 GB
    Memory Allocated: 2.195967197418213  GigaBytes
Max Memory Allocated: 2.5016613006591797  GigaBytes

----------------------------------------after loss backward
 Nvidia-smi: 3.36474609375 GB
    Memory Allocated: 1.489199161529541  GigaBytes
Max Memory Allocated: 2.5022125244140625  GigaBytes


----------------------------------------full batch
 Nvidia-smi: 3.36474609375 GB
    Memory Allocated: 1.1246123313903809  GigaBytes
Max Memory Allocated: 2.5022125244140625  GigaBytes

full batch src global  2072
full batch dst global  140
----------------------------------------after load_block_subtensor
 Nvidia-smi: 3.36474609375 GB
    Memory Allocated: 1.1251153945922852  GigaBytes
Max Memory Allocated: 2.5022125244140625  GigaBytes

----------------------------------------after block to device
 Nvidia-smi: 3.36474609375 GB
    Memory Allocated: 1.1251935958862305  GigaBytes
Max Memory Allocated: 2.5022125244140625  GigaBytes

----------------------------------------after model
 Nvidia-smi: 3.36474609375 GB
    Memory Allocated: 2.191251277923584  GigaBytes
Max Memory Allocated: 2.5022125244140625  GigaBytes

full batch train ------ loss 1.613319754600525
----------------------------------------after loss
 Nvidia-smi: 3.36474609375 GB
    Memory Allocated: 2.191152572631836  GigaBytes
Max Memory Allocated: 2.5022125244140625  GigaBytes

----------------------------------------after loss backward
 Nvidia-smi: 3.36474609375 GB
    Memory Allocated: 1.4914636611938477  GigaBytes
Max Memory Allocated: 2.5022125244140625  GigaBytes


----------------------------------------full batch
 Nvidia-smi: 3.36474609375 GB
    Memory Allocated: 1.1252164840698242  GigaBytes
Max Memory Allocated: 2.5022125244140625  GigaBytes

full batch src global  2092
full batch dst global  140
----------------------------------------after load_block_subtensor
 Nvidia-smi: 3.36474609375 GB
    Memory Allocated: 1.1245646476745605  GigaBytes
Max Memory Allocated: 2.5022125244140625  GigaBytes

----------------------------------------after block to device
 Nvidia-smi: 3.36474609375 GB
    Memory Allocated: 1.1246428489685059  GigaBytes
Max Memory Allocated: 2.5022125244140625  GigaBytes

----------------------------------------after model
 Nvidia-smi: 3.36474609375 GB
    Memory Allocated: 2.192685604095459  GigaBytes
Max Memory Allocated: 2.5022125244140625  GigaBytes

full batch train ------ loss 1.4449918270111084
----------------------------------------after loss
 Nvidia-smi: 3.36474609375 GB
    Memory Allocated: 2.192586898803711  GigaBytes
Max Memory Allocated: 2.5022125244140625  GigaBytes

----------------------------------------after loss backward
 Nvidia-smi: 3.36474609375 GB
    Memory Allocated: 1.490795612335205  GigaBytes
Max Memory Allocated: 2.5022125244140625  GigaBytes


----------------------------------------full batch
 Nvidia-smi: 3.36474609375 GB
    Memory Allocated: 1.1246657371520996  GigaBytes
Max Memory Allocated: 2.5022125244140625  GigaBytes

full batch src global  2091
full batch dst global  140
----------------------------------------after load_block_subtensor
 Nvidia-smi: 3.36474609375 GB
    Memory Allocated: 1.1251153945922852  GigaBytes
Max Memory Allocated: 2.5022125244140625  GigaBytes

----------------------------------------after block to device
 Nvidia-smi: 3.36474609375 GB
    Memory Allocated: 1.1251935958862305  GigaBytes
Max Memory Allocated: 2.5022125244140625  GigaBytes

----------------------------------------after model
 Nvidia-smi: 3.36474609375 GB
    Memory Allocated: 2.188016414642334  GigaBytes
Max Memory Allocated: 2.5022125244140625  GigaBytes

full batch train ------ loss 1.3515191078186035
----------------------------------------after loss
 Nvidia-smi: 3.36474609375 GB
    Memory Allocated: 2.187917709350586  GigaBytes
Max Memory Allocated: 2.5022125244140625  GigaBytes

----------------------------------------after loss backward
 Nvidia-smi: 3.36474609375 GB
    Memory Allocated: 1.491506576538086  GigaBytes
Max Memory Allocated: 2.5022125244140625  GigaBytes


----------------------------------------full batch
 Nvidia-smi: 3.36474609375 GB
    Memory Allocated: 1.1252164840698242  GigaBytes
Max Memory Allocated: 2.5022125244140625  GigaBytes

full batch src global  2104
full batch dst global  140
----------------------------------------after load_block_subtensor
 Nvidia-smi: 3.36474609375 GB
    Memory Allocated: 1.1246285438537598  GigaBytes
Max Memory Allocated: 2.5022125244140625  GigaBytes

----------------------------------------after block to device
 Nvidia-smi: 3.36474609375 GB
    Memory Allocated: 1.124706745147705  GigaBytes
Max Memory Allocated: 2.5022125244140625  GigaBytes

----------------------------------------after model
 Nvidia-smi: 3.36474609375 GB
    Memory Allocated: 2.187432289123535  GigaBytes
Max Memory Allocated: 2.5022125244140625  GigaBytes

full batch train ------ loss 1.285413146018982
----------------------------------------after loss
 Nvidia-smi: 3.36474609375 GB
    Memory Allocated: 2.187333583831787  GigaBytes
Max Memory Allocated: 2.5022125244140625  GigaBytes

----------------------------------------after loss backward
 Nvidia-smi: 3.36474609375 GB
    Memory Allocated: 1.4902949333190918  GigaBytes
Max Memory Allocated: 2.5022125244140625  GigaBytes


----------------------------------------full batch
 Nvidia-smi: 3.36474609375 GB
    Memory Allocated: 1.1247296333312988  GigaBytes
Max Memory Allocated: 2.5022125244140625  GigaBytes

full batch src global  2081
full batch dst global  140
----------------------------------------after load_block_subtensor
 Nvidia-smi: 3.36474609375 GB
    Memory Allocated: 1.1251153945922852  GigaBytes
Max Memory Allocated: 2.5022125244140625  GigaBytes

----------------------------------------after block to device
 Nvidia-smi: 3.36474609375 GB
    Memory Allocated: 1.1251935958862305  GigaBytes
Max Memory Allocated: 2.5022125244140625  GigaBytes

----------------------------------------after model
 Nvidia-smi: 3.36474609375 GB
    Memory Allocated: 2.1914238929748535  GigaBytes
Max Memory Allocated: 2.5022125244140625  GigaBytes

full batch train ------ loss 1.1406015157699585
----------------------------------------after loss
 Nvidia-smi: 3.36474609375 GB
    Memory Allocated: 2.1913251876831055  GigaBytes
Max Memory Allocated: 2.5022125244140625  GigaBytes

----------------------------------------after loss backward
 Nvidia-smi: 3.36474609375 GB
    Memory Allocated: 1.4914751052856445  GigaBytes
Max Memory Allocated: 2.5022125244140625  GigaBytes


----------------------------------------full batch
 Nvidia-smi: 3.36474609375 GB
    Memory Allocated: 1.1252164840698242  GigaBytes
Max Memory Allocated: 2.5022125244140625  GigaBytes

full batch src global  2079
full batch dst global  140
----------------------------------------after load_block_subtensor
 Nvidia-smi: 3.36474609375 GB
    Memory Allocated: 1.124495506286621  GigaBytes
Max Memory Allocated: 2.5022125244140625  GigaBytes

----------------------------------------after block to device
 Nvidia-smi: 3.36474609375 GB
    Memory Allocated: 1.1245737075805664  GigaBytes
Max Memory Allocated: 2.5022125244140625  GigaBytes

----------------------------------------after model
 Nvidia-smi: 3.36474609375 GB
    Memory Allocated: 2.186509609222412  GigaBytes
Max Memory Allocated: 2.5022125244140625  GigaBytes

full batch train ------ loss 1.0681673288345337
----------------------------------------after loss
 Nvidia-smi: 3.36474609375 GB
    Memory Allocated: 2.186410903930664  GigaBytes
Max Memory Allocated: 2.5022125244140625  GigaBytes

----------------------------------------after loss backward
 Nvidia-smi: 3.36474609375 GB
    Memory Allocated: 1.4914588928222656  GigaBytes
Max Memory Allocated: 2.5022125244140625  GigaBytes


----------------------------------------full batch
 Nvidia-smi: 3.36474609375 GB
    Memory Allocated: 1.1245965957641602  GigaBytes
Max Memory Allocated: 2.5022125244140625  GigaBytes

full batch src global  2090
full batch dst global  140
----------------------------------------after load_block_subtensor
 Nvidia-smi: 3.36474609375 GB
    Memory Allocated: 1.1251153945922852  GigaBytes
Max Memory Allocated: 2.5022125244140625  GigaBytes

----------------------------------------after block to device
 Nvidia-smi: 3.36474609375 GB
    Memory Allocated: 1.1251935958862305  GigaBytes
Max Memory Allocated: 2.5022125244140625  GigaBytes

----------------------------------------after model
 Nvidia-smi: 3.36474609375 GB
    Memory Allocated: 2.189148426055908  GigaBytes
Max Memory Allocated: 2.5022125244140625  GigaBytes

full batch train ------ loss 1.173189640045166
----------------------------------------after loss
 Nvidia-smi: 3.36474609375 GB
    Memory Allocated: 2.18904972076416  GigaBytes
Max Memory Allocated: 2.5022125244140625  GigaBytes

----------------------------------------after loss backward
 Nvidia-smi: 3.36474609375 GB
    Memory Allocated: 1.490926742553711  GigaBytes
Max Memory Allocated: 2.5022125244140625  GigaBytes


----------------------------------------full batch
 Nvidia-smi: 3.36474609375 GB
    Memory Allocated: 1.1252164840698242  GigaBytes
Max Memory Allocated: 2.5022125244140625  GigaBytes

full batch src global  2083
full batch dst global  140
----------------------------------------after load_block_subtensor
 Nvidia-smi: 3.36474609375 GB
    Memory Allocated: 1.124516487121582  GigaBytes
Max Memory Allocated: 2.5022125244140625  GigaBytes

----------------------------------------after block to device
 Nvidia-smi: 3.36474609375 GB
    Memory Allocated: 1.1245946884155273  GigaBytes
Max Memory Allocated: 2.5022125244140625  GigaBytes

----------------------------------------after model
 Nvidia-smi: 3.36474609375 GB
    Memory Allocated: 2.18601655960083  GigaBytes
Max Memory Allocated: 2.5022125244140625  GigaBytes

full batch train ------ loss 1.0436620712280273
----------------------------------------after loss
 Nvidia-smi: 3.36474609375 GB
    Memory Allocated: 2.185917854309082  GigaBytes
Max Memory Allocated: 2.5022125244140625  GigaBytes

----------------------------------------after loss backward
 Nvidia-smi: 3.36474609375 GB
    Memory Allocated: 1.4914741516113281  GigaBytes
Max Memory Allocated: 2.5022125244140625  GigaBytes


----------------------------------------full batch
 Nvidia-smi: 3.36474609375 GB
    Memory Allocated: 1.124617576599121  GigaBytes
Max Memory Allocated: 2.5022125244140625  GigaBytes

full batch src global  2080
full batch dst global  140
----------------------------------------after load_block_subtensor
 Nvidia-smi: 3.36474609375 GB
    Memory Allocated: 1.1251153945922852  GigaBytes
Max Memory Allocated: 2.5022125244140625  GigaBytes

----------------------------------------after block to device
 Nvidia-smi: 3.36474609375 GB
    Memory Allocated: 1.1251935958862305  GigaBytes
Max Memory Allocated: 2.5022125244140625  GigaBytes

----------------------------------------after model
 Nvidia-smi: 3.36474609375 GB
    Memory Allocated: 2.186915397644043  GigaBytes
Max Memory Allocated: 2.5022125244140625  GigaBytes

full batch train ------ loss 0.9918937683105469
----------------------------------------after loss
 Nvidia-smi: 3.36474609375 GB
    Memory Allocated: 2.186816692352295  GigaBytes
Max Memory Allocated: 2.5022125244140625  GigaBytes

----------------------------------------after loss backward
 Nvidia-smi: 3.36474609375 GB
    Memory Allocated: 1.490372657775879  GigaBytes
Max Memory Allocated: 2.5022125244140625  GigaBytes


----------------------------------------full batch
 Nvidia-smi: 3.36474609375 GB
    Memory Allocated: 1.1252164840698242  GigaBytes
Max Memory Allocated: 2.5022125244140625  GigaBytes

full batch src global  2086
full batch dst global  140
----------------------------------------after load_block_subtensor
 Nvidia-smi: 3.36474609375 GB
    Memory Allocated: 1.124532699584961  GigaBytes
Max Memory Allocated: 2.5022125244140625  GigaBytes

----------------------------------------after block to device
 Nvidia-smi: 3.36474609375 GB
    Memory Allocated: 1.1246109008789062  GigaBytes
Max Memory Allocated: 2.5022125244140625  GigaBytes

----------------------------------------after model
 Nvidia-smi: 3.36474609375 GB
    Memory Allocated: 2.194845676422119  GigaBytes
Max Memory Allocated: 2.5022125244140625  GigaBytes

full batch train ------ loss 0.729906439781189
----------------------------------------after loss
 Nvidia-smi: 3.36474609375 GB
    Memory Allocated: 2.194746971130371  GigaBytes
Max Memory Allocated: 2.5022125244140625  GigaBytes

----------------------------------------after loss backward
 Nvidia-smi: 3.36474609375 GB
    Memory Allocated: 1.4908275604248047  GigaBytes
Max Memory Allocated: 2.5022125244140625  GigaBytes


----------------------------------------full batch
 Nvidia-smi: 3.36474609375 GB
    Memory Allocated: 1.1246337890625  GigaBytes
Max Memory Allocated: 2.5022125244140625  GigaBytes

epoch_time_list  [3.1936399936676025, 0.6484291553497314, 0.7467844486236572, 0.747398853302002, 0.7493934631347656, 0.7448604106903076, 0.746558666229248, 0.7466444969177246, 0.7481281757354736, 0.7468993663787842, 0.746204137802124, 0.767317533493042, 0.7630622386932373, 0.7485270500183105, 0.7463560104370117, 0.7458558082580566, 0.753692626953125, 0.7448713779449463, 0.7471356391906738, 0.7501776218414307]

loading_time list   [0.004695892333984375, 0.004086732864379883, 0.009487152099609375, 0.007972955703735352, 0.008648395538330078, 0.010667562484741211, 0.010891199111938477, 0.010776519775390625, 0.010442972183227539, 0.009473562240600586, 0.009139537811279297, 0.010171175003051758, 0.01078486442565918, 0.011309146881103516, 0.010239362716674805, 0.011275768280029297, 0.009517431259155273, 0.00933074951171875, 0.01044774055480957, 0.011394262313842773]

training time  []
---feature block loading time  []


epoch_time avg   0.7497302889823914
loading_time avg   0.010281890630722046
training time  nan
---feature block loading time  nan
pure train time per /epoch  []
pure train time average  nan
