main start at this time 1713741319.0054207
-----------------------------------------before load data 
 Nvidia-smi: 0.80816650390625 GB
    Memory Allocated: 0.0  GigaBytes
Max Memory Allocated: 0.0  GigaBytes

success----------------------------------------
# Nodes: 111059956
# Edges: 1615685872
# Train: 1207179
# Val: 125265
# Test: 109727512
# Classes: 172

----------------------------------------start of run function 
 Nvidia-smi: 0.80816650390625 GB
    Memory Allocated: 0.0  GigaBytes
Max Memory Allocated: 0.0  GigaBytes

the output layer 
self.num_batch (get_in_degree_bucketing) 25
get_in_degree_bucketing dst global nid length 1207179
len(bkt)  132028
len(bkt)  86214
len(bkt)  63905
len(bkt)  51188
len(bkt)  42783
len(bkt)  37196
len(bkt)  32534
len(bkt)  29230
len(bkt)  25982
len(bkt)  23894
len(bkt)  21638
len(bkt)  19992
len(bkt)  18412
len(bkt)  17082
len(bkt)  15873
len(bkt)  14921
len(bkt)  13503
len(bkt)  12864
len(bkt)  11987
len(bkt)  11400
len(bkt)  10745
len(bkt)  9899
len(bkt)  9352
len(bkt)  8764
len(bkt)  233722
total indegree bucketing result ,  955108
total zero degree bucketing result ,  252071
the number of total output nodes match !!!! 
bucket partitioner: bkt_dst_nodes_list_local length  25
---||-----||-----||-----||-----||-----||-----||-----||-----||-----||-----||-----||-----||-----||-----||-----||-----||-----||-----||-----||--
self.num_batch,  25
25
25
[0.10936903309285533, 0.0714177433504062, 0.05293746826278456, 0.042402990774359064, 0.0354404773442878, 0.030812331891127993, 0.026950435685180078, 0.02421347621189567, 0.02152290588222625, 0.019793253527438763, 0.01792443374180631, 0.016560924270551426, 0.015252087718557066, 0.014150345557701054, 0.013148837082156003, 0.012360221640701172, 0.011185582254164462, 0.010656248990414844, 0.009929761866301517, 0.009443504235908676, 0.008900916931126204, 0.008200109511514035, 0.007746986983703328, 0.007259900975745933, 0.19361006114254803]
bkt_dst_nodes_list = self.get_in_degree_bucketing() spend:  0.032538414001464844
self.gen_batches_seeds_list(bkt_dst_nodes_list_local) spend  7.271766662597656e-05
num_output  955108
self.output_nids  1207179
output nodes length not match !!!!
partition total batch output list spend :  11.757454872131348
self.buckets_partition() spend  sec:  0.032624006271362305
input layer
redundancy ratio #input/#seeds/degree
4.307290877692611
3.6598696267427564
3.421135539733459
3.2794991013518793
3.2189935254657223
3.1315508836075563
3.0819494331205157
3.0398947998631543
3.0230501458274532
2.989407382606512
2.998525321614332
2.9960109043617447
2.9921414127909896
2.98263836620001
2.9876267876267875
2.971592051471081
3.0124983119219695
3.0104684908789388
3.031560506338007
3.027842105263158
3.0258148862150724
3.0646300360917995
3.064143452225983
3.071005438916781
0.6877437297301923
layer  0
{0: 37992, 1: 141262, 2: 10626, 3: 7442, 4: 5627, 5: 4363, 6: 3527, 7: 3036, 8: 2492, 9: 2154, 10: 25099}
layer  1
{1: 132028}

layer  0
{0: 46138, 1: 21141, 2: 94484, 3: 10436, 4: 7649, 5: 5985, 6: 4833, 7: 4019, 8: 3512, 9: 2997, 10: 34217}
layer  1
{2: 86214}

layer  0
{0: 47944, 1: 22620, 2: 15962, 3: 70561, 4: 8983, 5: 7064, 6: 5819, 7: 4770, 8: 4092, 9: 3387, 10: 39572}
layer  1
{3: 63905}

layer  0
{0: 48056, 1: 23221, 2: 16646, 3: 12666, 4: 56840, 5: 7627, 6: 6374, 7: 5356, 8: 4505, 9: 3909, 10: 44309}
layer  1
{4: 51188}

layer  0
{0: 47591, 1: 23289, 2: 17218, 3: 13062, 4: 10502, 5: 47565, 6: 6918, 7: 5735, 8: 4917, 9: 4149, 10: 48271}
layer  1
{5: 42783}

layer  0
{0: 48064, 1: 23291, 2: 17647, 3: 13508, 4: 10866, 5: 8850, 6: 41272, 7: 6098, 8: 5302, 9: 4512, 10: 51782}
layer  1
{6: 37196}

layer  0
{0: 47834, 1: 23246, 2: 17431, 3: 13509, 4: 11073, 5: 9068, 6: 7662, 7: 36017, 8: 5453, 9: 4667, 10: 54582}
layer  1
{7: 32534}

layer  0
{0: 47474, 1: 23042, 2: 17518, 3: 13613, 4: 11189, 5: 9111, 6: 7943, 7: 6640, 8: 32177, 9: 4973, 10: 57937}
layer  1
{8: 29230}

layer  0
{0: 46698, 1: 22623, 2: 17144, 3: 13554, 4: 10941, 5: 9170, 6: 7911, 7: 6722, 8: 5934, 9: 28557, 10: 59428}
layer  1
{9: 25982}

layer  0
{0: 46171, 1: 22513, 2: 17159, 3: 13632, 4: 10940, 5: 9207, 6: 7975, 7: 6993, 8: 5903, 9: 5230, 10: 84260}
layer  1
{10: 23894}

layer  0
{0: 45197, 1: 21896, 2: 16686, 3: 13219, 4: 11014, 5: 9279, 6: 7997, 7: 6894, 8: 6102, 9: 5244, 10: 83901}
layer  1
{11: 21638}

layer  0
{0: 44764, 1: 21728, 2: 16712, 3: 13164, 4: 10909, 5: 9276, 6: 7867, 7: 6953, 8: 6101, 9: 5271, 10: 84804}
layer  1
{12: 19992}

layer  0
{0: 43869, 1: 21611, 2: 16275, 3: 13183, 4: 10978, 5: 9192, 6: 8022, 7: 6997, 8: 6008, 9: 5367, 10: 84119}
layer  1
{13: 18412}

layer  0
{0: 43269, 1: 21026, 2: 15937, 3: 12765, 4: 10720, 5: 8898, 6: 7917, 7: 6960, 8: 5953, 9: 5396, 10: 84982}
layer  1
{14: 17082}

layer  0
{0: 42773, 1: 20456, 2: 15528, 3: 12713, 4: 10608, 5: 8970, 6: 7687, 7: 6897, 8: 6079, 9: 5377, 10: 84826}
layer  1
{15: 15873}

layer  0
{0: 42223, 1: 20344, 2: 15556, 3: 12357, 4: 10522, 5: 8989, 6: 7711, 7: 6890, 8: 6121, 9: 5264, 10: 85352}
layer  1
{16: 14921}

layer  0
{0: 40115, 1: 19300, 2: 14663, 3: 11801, 4: 10039, 5: 8375, 6: 7560, 7: 6599, 8: 5886, 9: 5094, 10: 82931}
layer  1
{17: 13503}

layer  0
{0: 40190, 1: 19520, 2: 14774, 3: 11918, 4: 9911, 5: 8612, 6: 7534, 7: 6700, 8: 5808, 9: 5108, 10: 83820}
layer  1
{18: 12864}

layer  0
{0: 39058, 1: 18820, 2: 14514, 3: 11437, 4: 9701, 5: 8339, 6: 7301, 7: 6482, 8: 5763, 9: 5204, 10: 83164}
layer  1
{19: 11987}

layer  0
{0: 38690, 1: 18662, 2: 14252, 3: 11610, 4: 9705, 5: 8343, 6: 7339, 7: 6461, 8: 5785, 9: 5123, 10: 83616}
layer  1
{20: 11400}

layer  0
{0: 37403, 1: 18467, 2: 13851, 3: 11179, 4: 9652, 5: 8183, 6: 7198, 7: 6426, 8: 5798, 9: 5110, 10: 83222}
layer  1
{21: 10745}

layer  0
{0: 36721, 1: 17587, 2: 13442, 3: 10804, 4: 9246, 5: 7951, 6: 6979, 7: 6112, 8: 5538, 9: 4988, 10: 80748}
layer  1
{22: 9899}

layer  0
{0: 35877, 1: 17206, 2: 13104, 3: 10467, 4: 9079, 5: 7648, 6: 6762, 7: 6043, 8: 5308, 9: 4746, 10: 80768}
layer  1
{23: 9352}

layer  0
{0: 34754, 1: 16658, 2: 12926, 3: 10221, 4: 8635, 5: 7462, 6: 6437, 7: 5862, 8: 5224, 9: 4794, 10: 79484}
layer  1
{24: 8764}

layer  0
{0: 404386, 1: 182396, 2: 132889, 3: 103280, 4: 84815, 5: 71613, 6: 62025, 7: 53972, 8: 47832, 9: 42381, 10: 733718}
layer  1
{25: 233722}

data_dict
[[{0: 37992, 1: 141262, 2: 10626, 3: 7442, 4: 5627, 5: 4363, 6: 3527, 7: 3036, 8: 2492, 9: 2154, 10: 25099}, {1: 132028}], [{0: 46138, 1: 21141, 2: 94484, 3: 10436, 4: 7649, 5: 5985, 6: 4833, 7: 4019, 8: 3512, 9: 2997, 10: 34217}, {2: 86214}], [{0: 47944, 1: 22620, 2: 15962, 3: 70561, 4: 8983, 5: 7064, 6: 5819, 7: 4770, 8: 4092, 9: 3387, 10: 39572}, {3: 63905}], [{0: 48056, 1: 23221, 2: 16646, 3: 12666, 4: 56840, 5: 7627, 6: 6374, 7: 5356, 8: 4505, 9: 3909, 10: 44309}, {4: 51188}], [{0: 47591, 1: 23289, 2: 17218, 3: 13062, 4: 10502, 5: 47565, 6: 6918, 7: 5735, 8: 4917, 9: 4149, 10: 48271}, {5: 42783}], [{0: 48064, 1: 23291, 2: 17647, 3: 13508, 4: 10866, 5: 8850, 6: 41272, 7: 6098, 8: 5302, 9: 4512, 10: 51782}, {6: 37196}], [{0: 47834, 1: 23246, 2: 17431, 3: 13509, 4: 11073, 5: 9068, 6: 7662, 7: 36017, 8: 5453, 9: 4667, 10: 54582}, {7: 32534}], [{0: 47474, 1: 23042, 2: 17518, 3: 13613, 4: 11189, 5: 9111, 6: 7943, 7: 6640, 8: 32177, 9: 4973, 10: 57937}, {8: 29230}], [{0: 46698, 1: 22623, 2: 17144, 3: 13554, 4: 10941, 5: 9170, 6: 7911, 7: 6722, 8: 5934, 9: 28557, 10: 59428}, {9: 25982}], [{0: 46171, 1: 22513, 2: 17159, 3: 13632, 4: 10940, 5: 9207, 6: 7975, 7: 6993, 8: 5903, 9: 5230, 10: 84260}, {10: 23894}], [{0: 45197, 1: 21896, 2: 16686, 3: 13219, 4: 11014, 5: 9279, 6: 7997, 7: 6894, 8: 6102, 9: 5244, 10: 83901}, {11: 21638}], [{0: 44764, 1: 21728, 2: 16712, 3: 13164, 4: 10909, 5: 9276, 6: 7867, 7: 6953, 8: 6101, 9: 5271, 10: 84804}, {12: 19992}], [{0: 43869, 1: 21611, 2: 16275, 3: 13183, 4: 10978, 5: 9192, 6: 8022, 7: 6997, 8: 6008, 9: 5367, 10: 84119}, {13: 18412}], [{0: 43269, 1: 21026, 2: 15937, 3: 12765, 4: 10720, 5: 8898, 6: 7917, 7: 6960, 8: 5953, 9: 5396, 10: 84982}, {14: 17082}], [{0: 42773, 1: 20456, 2: 15528, 3: 12713, 4: 10608, 5: 8970, 6: 7687, 7: 6897, 8: 6079, 9: 5377, 10: 84826}, {15: 15873}], [{0: 42223, 1: 20344, 2: 15556, 3: 12357, 4: 10522, 5: 8989, 6: 7711, 7: 6890, 8: 6121, 9: 5264, 10: 85352}, {16: 14921}], [{0: 40115, 1: 19300, 2: 14663, 3: 11801, 4: 10039, 5: 8375, 6: 7560, 7: 6599, 8: 5886, 9: 5094, 10: 82931}, {17: 13503}], [{0: 40190, 1: 19520, 2: 14774, 3: 11918, 4: 9911, 5: 8612, 6: 7534, 7: 6700, 8: 5808, 9: 5108, 10: 83820}, {18: 12864}], [{0: 39058, 1: 18820, 2: 14514, 3: 11437, 4: 9701, 5: 8339, 6: 7301, 7: 6482, 8: 5763, 9: 5204, 10: 83164}, {19: 11987}], [{0: 38690, 1: 18662, 2: 14252, 3: 11610, 4: 9705, 5: 8343, 6: 7339, 7: 6461, 8: 5785, 9: 5123, 10: 83616}, {20: 11400}], [{0: 37403, 1: 18467, 2: 13851, 3: 11179, 4: 9652, 5: 8183, 6: 7198, 7: 6426, 8: 5798, 9: 5110, 10: 83222}, {21: 10745}], [{0: 36721, 1: 17587, 2: 13442, 3: 10804, 4: 9246, 5: 7951, 6: 6979, 7: 6112, 8: 5538, 9: 4988, 10: 80748}, {22: 9899}], [{0: 35877, 1: 17206, 2: 13104, 3: 10467, 4: 9079, 5: 7648, 6: 6762, 7: 6043, 8: 5308, 9: 4746, 10: 80768}, {23: 9352}], [{0: 34754, 1: 16658, 2: 12926, 3: 10221, 4: 8635, 5: 7462, 6: 6437, 7: 5862, 8: 5224, 9: 4794, 10: 79484}, {24: 8764}], [{0: 404386, 1: 182396, 2: 132889, 3: 103280, 4: 84815, 5: 71613, 6: 62025, 7: 53972, 8: 47832, 9: 42381, 10: 733718}, {25: 233722}]]
estimated_mem_dict
{0: 6.034170180559158, 1: 8.031363129615784, 2: 9.089418947696686, 3: 9.885402828454971, 4: 10.496867895126343, 5: 11.059522658586502, 6: 11.404848486185074, 7: 11.82545319199562, 8: 11.929776906967163, 9: 12.290575057268143, 10: 12.244043290615082, 11: 12.331283211708069, 12: 12.277820885181427, 13: 12.291315883398056, 14: 12.245237678289413, 15: 12.27837610244751, 16: 11.852061778306961, 17: 11.956209003925323, 18: 11.79813677072525, 19: 11.828669160604477, 20: 11.732278615236282, 21: 11.348880171775818, 22: 11.236764371395111, 23: 11.01661804318428, 24: 169.41345781087875}

  estimated memory/GB degree 0: 6.034170180559158
  estimated memory/GB degree 1: 8.031363129615784
  estimated memory/GB degree 2: 9.089418947696686
  estimated memory/GB degree 3: 9.885402828454971
  estimated memory/GB degree 4: 10.496867895126343
  estimated memory/GB degree 5: 11.059522658586502
  estimated memory/GB degree 6: 11.404848486185074
  estimated memory/GB degree 7: 11.82545319199562
  estimated memory/GB degree 8: 11.929776906967163
  estimated memory/GB degree 9: 12.290575057268143
  estimated memory/GB degree 10: 12.244043290615082
  estimated memory/GB degree 11: 12.331283211708069
  estimated memory/GB degree 12: 12.277820885181427
  estimated memory/GB degree 13: 12.291315883398056
  estimated memory/GB degree 14: 12.245237678289413
  estimated memory/GB degree 15: 12.27837610244751
  estimated memory/GB degree 16: 11.852061778306961
  estimated memory/GB degree 17: 11.956209003925323
  estimated memory/GB degree 18: 11.79813677072525
  estimated memory/GB degree 19: 11.828669160604477
  estimated memory/GB degree 20: 11.732278615236282
  estimated memory/GB degree 21: 11.348880171775818
  estimated memory/GB degree 22: 11.236764371395111
  estimated memory/GB degree 23: 11.01661804318428
  estimated memory/GB degree 24: 169.41345781087875 / 0.6877437297301923

estimated_mem_list [:-1]
[6.034170180559158, 8.031363129615784, 9.089418947696686, 9.885402828454971, 10.496867895126343, 11.059522658586502, 11.404848486185074, 11.82545319199562, 11.929776906967163, 12.290575057268143, 12.244043290615082, 12.331283211708069, 12.277820885181427, 12.291315883398056, 12.245237678289413, 12.27837610244751, 11.852061778306961, 11.956209003925323, 11.79813677072525, 11.828669160604477, 11.732278615236282, 11.348880171775818, 11.236764371395111, 11.01661804318428]
sum [:-1] =  268.4850942492485
mestimated_mem_list [-1]
246.33224628211602

modified_mem [1, fanout-1]: 
[6.034170180559158, 8.031363129615784, 9.089418947696686, 9.885402828454971, 10.496867895126343, 11.059522658586502, 11.404848486185074, 11.82545319199562, 11.929776906967163, 12.290575057268143, 12.244043290615082, 12.331283211708069, 12.277820885181427, 12.291315883398056, 12.245237678289413, 12.27837610244751, 11.852061778306961, 11.956209003925323, 11.79813677072525, 11.828669160604477, 11.732278615236282, 11.348880171775818, 11.236764371395111, 11.01661804318428]

mem size of fanout degree bucket by formula (GB):  169.41345781087875
the modified memory estimation spend (sec) 0.688469648361206
the time of number of fanout blocks generation (sec) 44.888824701309204
the time dict collection (sec) 0.6876869201660156
the time estimate mem (sec) 0.00021409988403320312
