computation info data collection start ...... 
=-=-=-=-=-=-=-=-=-=-=-=-=-=-=-=-=-=-=-=-=-=-=-=-=-=-=-=-=-=-=-=-=-=-=-=-=-=-=-=-
betty result: 
number of batches: 4
	end to end time per epoch (sec) 50.82204298973083
	cuda max memory consumption(GB)  21.894505500793457
number of batches: 6
	end to end time per epoch (sec) 48.11535148620605
	cuda max memory consumption(GB)  15.288201332092285
number of batches: 8
	end to end time per epoch (sec) 46.210875034332275
	cuda max memory consumption(GB)  12.309851169586182
number of batches: 16
	end to end time per epoch (sec) 45.66021904945374
	cuda max memory consumption(GB)  7.663759231567383
number of batches: 32
	end to end time per epoch (sec) 47.43928027153015
	cuda max memory consumption(GB)  4.090709686279297
=-=-=-=-=-=-=-=-=-=-=-=-=-=-=-=-=-=-=-=-=-=-=-=-=-=-=-=-=-=-=-=-=-=-=-=-=-=-=-=-
buffalo result: 
number of batches: 4
	end to end time per epoch (sec) 5.3341100215911865
	cuda max memory consumption(GB)  18.386675357818604
number of batches: 6
	end to end time per epoch (sec) 5.400834083557129
	cuda max memory consumption(GB)  15.217969417572021
number of batches: 8
	end to end time per epoch (sec) 5.71993613243103
	cuda max memory consumption(GB)  12.119335651397705
number of batches: 16
	end to end time per epoch (sec) 6.600149154663086
	cuda max memory consumption(GB)  7.3457441329956055
number of batches: 32
	end to end time per epoch (sec) 7.39543080329895
	cuda max memory consumption(GB)  4.754574298858643
