main start at this time 1733010904.8882391
-----------------------------------------before load data 
 Nvidia-smi: 0.3560791015625 GB
    Memory Allocated: 0.0  GigaBytes
Max Memory Allocated: 0.0  GigaBytes

  NumNodes: 2708
  NumEdges: 10556
  NumFeats: 1433
  NumClasses: 7
  NumTrainingSamples: 140
  NumValidationSamples: 500
  NumTestSamples: 1000
Done loading data from cached files.
success----------------------------------------
# Nodes: 2708
# Edges: 10556
# Train: 140
# Val: 500
# Test: 2068
# Classes: 7

----------------------------------------start of run function 
 Nvidia-smi: 0.3560791015625 GB
    Memory Allocated: 0.0  GigaBytes
Max Memory Allocated: 0.0  GigaBytes

in feats:  1433
----------------------------------------before model to device 
 Nvidia-smi: 0.3560791015625 GB
    Memory Allocated: 0.0  GigaBytes
Max Memory Allocated: 0.0  GigaBytes

----------------------------------------after model to device
 Nvidia-smi: 0.88623046875 GB
    Memory Allocated: 0.3674592971801758  GigaBytes
Max Memory Allocated: 0.3674592971801758  GigaBytes

----------------------------------------before generate dataloader block 
 Nvidia-smi: 0.88818359375 GB
    Memory Allocated: 0.3674592971801758  GigaBytes
Max Memory Allocated: 0.3674592971801758  GigaBytes

-----------------------------------------after block dataloader generation 
 Nvidia-smi: 0.88818359375 GB
    Memory Allocated: 0.3674592971801758  GigaBytes
Max Memory Allocated: 0.3674592971801758  GigaBytes

connection checking time:  0
block generation total time  0
average batch blocks generation time:  0
pseudo mini batch 0 input nodes size: 2092
----------------------------------------before load block subtensor 
 Nvidia-smi: 0.88818359375 GB
    Memory Allocated: 0.3674592971801758  GigaBytes
Max Memory Allocated: 0.3674592971801758  GigaBytes

----------------------------------------before batch input features to device
 Nvidia-smi: 0.88818359375 GB
    Memory Allocated: 0.3674592971801758  GigaBytes
Max Memory Allocated: 0.3674592971801758  GigaBytes

----------------------------------------after batch input features to device
 Nvidia-smi: 0.89990234375 GB
    Memory Allocated: 0.3791780471801758  GigaBytes
Max Memory Allocated: 0.3791780471801758  GigaBytes

----------------------------------------after  batch labels to device
 Nvidia-smi: 0.89990234375 GB
    Memory Allocated: 0.3791794776916504  GigaBytes
Max Memory Allocated: 0.3791794776916504  GigaBytes

----------------------------------------after load block subtensor  
 Nvidia-smi: 0.89990234375 GB
    Memory Allocated: 0.3791794776916504  GigaBytes
Max Memory Allocated: 0.3791794776916504  GigaBytes

the counter of in-degree of the smallest block in current batch !!!!!!!!!!!!!!_______________!!!!!!!!!!
Counter({3: 26, 2: 25, 4: 22, 1: 20, 5: 15, 6: 11, 9: 4, 7: 4, 10: 3, 8: 3, 30: 2, 12: 2, 19: 1, 11: 1, 21: 1})

----------------------------------------after blocks to device 
 Nvidia-smi: 0.89990234375 GB
    Memory Allocated: 0.37926340103149414  GigaBytes
Max Memory Allocated: 0.37926340103149414  GigaBytes

----------------------------------------before batch_pred = model(blocks, batch_inputs) 
 Nvidia-smi: 0.89990234375 GB
    Memory Allocated: 0.37926340103149414  GigaBytes
Max Memory Allocated: 0.37926340103149414  GigaBytes

----------------------------------------- after batch_pred = model(blocks, batch_inputs) 
 Nvidia-smi: 2.04052734375 GB
    Memory Allocated: 1.453841209411621  GigaBytes
Max Memory Allocated: 1.4617719650268555  GigaBytes

-----------------------------------------after loss calculation
 Nvidia-smi: 2.04052734375 GB
    Memory Allocated: 1.4538459777832031  GigaBytes
Max Memory Allocated: 1.4617719650268555  GigaBytes

-----------------------------------------after loss backward
 Nvidia-smi: 2.48583984375 GB
    Memory Allocated: 0.7607693672180176  GigaBytes
Max Memory Allocated: 1.767871379852295  GigaBytes

-----------------------------------------after optimizer step
 Nvidia-smi: 3.29833984375 GB
    Memory Allocated: 1.4907288551330566  GigaBytes
Max Memory Allocated: 1.856616497039795  GigaBytes

-----------------------------------------after optimizer zero grad
 Nvidia-smi: 3.29833984375 GB
    Memory Allocated: 1.1252169609069824  GigaBytes
Max Memory Allocated: 1.856616497039795  GigaBytes

times | data loading | block to device | model prediction | loss calculation | loss backward |  optimizer step |
      |0.006123781204223633 |0.005904436111450195 |2.563941717147827 |0.013799190521240234 |0.6860520839691162 |0.15981316566467285 |
----------------------------------------------------------pseudo_mini_loss sum 1.9522513151168823
 Run 0| Epoch 0 |
Number of nodes for computation during this epoch:  4254
Number of first layer input nodes during this epoch:  2092
Number of first layer output nodes during this epoch:  1524
----------------------------------------before generate dataloader block 
 Nvidia-smi: 3.29833984375 GB
    Memory Allocated: 1.1252164840698242  GigaBytes
Max Memory Allocated: 1.856616497039795  GigaBytes

-----------------------------------------after block dataloader generation 
 Nvidia-smi: 3.29833984375 GB
    Memory Allocated: 1.1252164840698242  GigaBytes
Max Memory Allocated: 1.856616497039795  GigaBytes

connection checking time:  0
block generation total time  0
average batch blocks generation time:  0
pseudo mini batch 0 input nodes size: 2081
----------------------------------------before load block subtensor 
 Nvidia-smi: 3.29833984375 GB
    Memory Allocated: 1.125114917755127  GigaBytes
Max Memory Allocated: 1.856616497039795  GigaBytes

----------------------------------------before batch input features to device
 Nvidia-smi: 3.29833984375 GB
    Memory Allocated: 1.125114917755127  GigaBytes
Max Memory Allocated: 1.856616497039795  GigaBytes

----------------------------------------after batch input features to device
 Nvidia-smi: 3.29833984375 GB
    Memory Allocated: 1.1362242698669434  GigaBytes
Max Memory Allocated: 1.856616497039795  GigaBytes

----------------------------------------after  batch labels to device
 Nvidia-smi: 3.29833984375 GB
    Memory Allocated: 1.136225700378418  GigaBytes
Max Memory Allocated: 1.856616497039795  GigaBytes

----------------------------------------after load block subtensor  
 Nvidia-smi: 3.29833984375 GB
    Memory Allocated: 1.1245055198669434  GigaBytes
Max Memory Allocated: 1.856616497039795  GigaBytes

the counter of in-degree of the smallest block in current batch !!!!!!!!!!!!!!_______________!!!!!!!!!!
Counter({3: 26, 2: 25, 4: 22, 1: 20, 5: 15, 6: 11, 9: 4, 7: 4, 8: 3, 10: 3, 30: 2, 12: 2, 11: 1, 19: 1, 21: 1})

----------------------------------------after blocks to device 
 Nvidia-smi: 3.29833984375 GB
    Memory Allocated: 1.124589443206787  GigaBytes
Max Memory Allocated: 1.856616497039795  GigaBytes

----------------------------------------before batch_pred = model(blocks, batch_inputs) 
 Nvidia-smi: 3.29833984375 GB
    Memory Allocated: 1.124589443206787  GigaBytes
Max Memory Allocated: 1.856616497039795  GigaBytes

----------------------------------------- after batch_pred = model(blocks, batch_inputs) 
 Nvidia-smi: 3.30029296875 GB
    Memory Allocated: 2.1922707557678223  GigaBytes
Max Memory Allocated: 2.1993355751037598  GigaBytes

-----------------------------------------after loss calculation
 Nvidia-smi: 3.30029296875 GB
    Memory Allocated: 2.1922755241394043  GigaBytes
Max Memory Allocated: 2.1993355751037598  GigaBytes

-----------------------------------------after loss backward
 Nvidia-smi: 3.30029296875 GB
    Memory Allocated: 1.490769863128662  GigaBytes
Max Memory Allocated: 2.4984140396118164  GigaBytes

-----------------------------------------after optimizer step
 Nvidia-smi: 3.36279296875 GB
    Memory Allocated: 1.490769863128662  GigaBytes
Max Memory Allocated: 2.4984140396118164  GigaBytes

-----------------------------------------after optimizer zero grad
 Nvidia-smi: 3.36279296875 GB
    Memory Allocated: 1.1246075630187988  GigaBytes
Max Memory Allocated: 2.4984140396118164  GigaBytes

times | data loading | block to device | model prediction | loss calculation | loss backward |  optimizer step |
      |0.005914211273193359 |0.0009107589721679688 |0.16913938522338867 |0.00012063980102539062 |0.4573938846588135 |0.0043697357177734375 |
----------------------------------------------------------pseudo_mini_loss sum 57.817604064941406
 Run 0| Epoch 1 |
Number of nodes for computation during this epoch:  4244
Number of first layer input nodes during this epoch:  2081
Number of first layer output nodes during this epoch:  1524
----------------------------------------before generate dataloader block 
 Nvidia-smi: 3.36279296875 GB
    Memory Allocated: 1.1246070861816406  GigaBytes
Max Memory Allocated: 2.4984140396118164  GigaBytes

-----------------------------------------after block dataloader generation 
 Nvidia-smi: 3.36279296875 GB
    Memory Allocated: 1.1246070861816406  GigaBytes
Max Memory Allocated: 2.4984140396118164  GigaBytes

connection checking time:  0
block generation total time  0
average batch blocks generation time:  0
block dataloader generation time/epoch 0.004012346267700195
pseudo mini batch 0 input nodes size: 2095
----------------------------------------before load block subtensor 
 Nvidia-smi: 3.36279296875 GB
    Memory Allocated: 1.1245055198669434  GigaBytes
Max Memory Allocated: 2.4984140396118164  GigaBytes

----------------------------------------before batch input features to device
 Nvidia-smi: 3.36279296875 GB
    Memory Allocated: 1.1245055198669434  GigaBytes
Max Memory Allocated: 2.4984140396118164  GigaBytes

----------------------------------------after batch input features to device
 Nvidia-smi: 3.36279296875 GB
    Memory Allocated: 1.1362242698669434  GigaBytes
Max Memory Allocated: 2.4984140396118164  GigaBytes

----------------------------------------after  batch labels to device
 Nvidia-smi: 3.36279296875 GB
    Memory Allocated: 1.136225700378418  GigaBytes
Max Memory Allocated: 2.4984140396118164  GigaBytes

----------------------------------------after load block subtensor  
 Nvidia-smi: 3.36279296875 GB
    Memory Allocated: 1.125114917755127  GigaBytes
Max Memory Allocated: 2.4984140396118164  GigaBytes

the counter of in-degree of the smallest block in current batch !!!!!!!!!!!!!!_______________!!!!!!!!!!
Counter({3: 26, 2: 25, 4: 22, 1: 20, 5: 15, 6: 11, 7: 4, 9: 4, 8: 3, 10: 3, 12: 2, 30: 2, 21: 1, 19: 1, 11: 1})

----------------------------------------after blocks to device 
 Nvidia-smi: 3.36279296875 GB
    Memory Allocated: 1.1251988410949707  GigaBytes
Max Memory Allocated: 2.4984140396118164  GigaBytes

----------------------------------------before batch_pred = model(blocks, batch_inputs) 
 Nvidia-smi: 3.36279296875 GB
    Memory Allocated: 1.1251988410949707  GigaBytes
Max Memory Allocated: 2.4984140396118164  GigaBytes

----------------------------------------- after batch_pred = model(blocks, batch_inputs) 
 Nvidia-smi: 3.36279296875 GB
    Memory Allocated: 2.1940555572509766  GigaBytes
Max Memory Allocated: 2.4984140396118164  GigaBytes

-----------------------------------------after loss calculation
 Nvidia-smi: 3.36279296875 GB
    Memory Allocated: 2.1940603256225586  GigaBytes
Max Memory Allocated: 2.4984140396118164  GigaBytes

-----------------------------------------after loss backward
 Nvidia-smi: 3.36279296875 GB
    Memory Allocated: 1.491443157196045  GigaBytes
Max Memory Allocated: 2.5009751319885254  GigaBytes

-----------------------------------------after optimizer step
 Nvidia-smi: 3.36279296875 GB
    Memory Allocated: 1.491443157196045  GigaBytes
Max Memory Allocated: 2.5009751319885254  GigaBytes

-----------------------------------------after optimizer zero grad
 Nvidia-smi: 3.36279296875 GB
    Memory Allocated: 1.1252169609069824  GigaBytes
Max Memory Allocated: 2.5009751319885254  GigaBytes

times | data loading | block to device | model prediction | loss calculation | loss backward |  optimizer step |
      |0.0052411556243896484 |0.000865936279296875 |0.16787075996398926 |0.00010132789611816406 |0.4567582607269287 |0.0029535293579101562 |
----------------------------------------------------------pseudo_mini_loss sum 92.1604232788086
Total (block generation + training)time/epoch 0.7545535564422607
Training time/epoch 0.7503697872161865
Training time without block to device /epoch 0.7495038509368896
Training time without total dataloading part /epoch 0.6276838779449463
load block tensor time/epoch 0.0052411556243896484
block to device time/epoch 0.000865936279296875
input features size transfer per epoch 1.4901161193847656e-07
blocks size to device per epoch 1.1175870895385742e-07
 Run 0| Epoch 2 |
Number of nodes for computation during this epoch:  4251
Number of first layer input nodes during this epoch:  2095
Number of first layer output nodes during this epoch:  1518
----------------------------------------before generate dataloader block 
 Nvidia-smi: 3.36279296875 GB
    Memory Allocated: 1.1252164840698242  GigaBytes
Max Memory Allocated: 2.5009751319885254  GigaBytes

-----------------------------------------after block dataloader generation 
 Nvidia-smi: 3.36279296875 GB
    Memory Allocated: 1.1252164840698242  GigaBytes
Max Memory Allocated: 2.5009751319885254  GigaBytes

connection checking time:  0
block generation total time  0
average batch blocks generation time:  0
block dataloader generation time/epoch 0.003804922103881836
pseudo mini batch 0 input nodes size: 2101
----------------------------------------before load block subtensor 
 Nvidia-smi: 3.36279296875 GB
    Memory Allocated: 1.125114917755127  GigaBytes
Max Memory Allocated: 2.5009751319885254  GigaBytes

----------------------------------------before batch input features to device
 Nvidia-smi: 3.36279296875 GB
    Memory Allocated: 1.125114917755127  GigaBytes
Max Memory Allocated: 2.5009751319885254  GigaBytes

----------------------------------------after batch input features to device
 Nvidia-smi: 3.36279296875 GB
    Memory Allocated: 1.1363310813903809  GigaBytes
Max Memory Allocated: 2.5009751319885254  GigaBytes

----------------------------------------after  batch labels to device
 Nvidia-smi: 3.36279296875 GB
    Memory Allocated: 1.1363325119018555  GigaBytes
Max Memory Allocated: 2.5009751319885254  GigaBytes

----------------------------------------after load block subtensor  
 Nvidia-smi: 3.36279296875 GB
    Memory Allocated: 1.1246123313903809  GigaBytes
Max Memory Allocated: 2.5009751319885254  GigaBytes

the counter of in-degree of the smallest block in current batch !!!!!!!!!!!!!!_______________!!!!!!!!!!
Counter({3: 26, 2: 25, 4: 22, 1: 20, 5: 15, 6: 11, 9: 4, 7: 4, 10: 3, 8: 3, 12: 2, 30: 2, 19: 1, 21: 1, 11: 1})

----------------------------------------after blocks to device 
 Nvidia-smi: 3.36279296875 GB
    Memory Allocated: 1.1246962547302246  GigaBytes
Max Memory Allocated: 2.5009751319885254  GigaBytes

----------------------------------------before batch_pred = model(blocks, batch_inputs) 
 Nvidia-smi: 3.36279296875 GB
    Memory Allocated: 1.1246962547302246  GigaBytes
Max Memory Allocated: 2.5009751319885254  GigaBytes

----------------------------------------- after batch_pred = model(blocks, batch_inputs) 
 Nvidia-smi: 3.36279296875 GB
    Memory Allocated: 2.193596363067627  GigaBytes
Max Memory Allocated: 2.5009751319885254  GigaBytes

-----------------------------------------after loss calculation
 Nvidia-smi: 3.36279296875 GB
    Memory Allocated: 2.193601131439209  GigaBytes
Max Memory Allocated: 2.5009751319885254  GigaBytes

-----------------------------------------after loss backward
 Nvidia-smi: 3.36279296875 GB
    Memory Allocated: 1.4909415245056152  GigaBytes
Max Memory Allocated: 2.5009751319885254  GigaBytes

-----------------------------------------after optimizer step
 Nvidia-smi: 3.36279296875 GB
    Memory Allocated: 1.4909415245056152  GigaBytes
Max Memory Allocated: 2.5009751319885254  GigaBytes

-----------------------------------------after optimizer zero grad
 Nvidia-smi: 3.36279296875 GB
    Memory Allocated: 1.1247153282165527  GigaBytes
Max Memory Allocated: 2.5009751319885254  GigaBytes

times | data loading | block to device | model prediction | loss calculation | loss backward |  optimizer step |
      |0.006249189376831055 |0.0008764266967773438 |0.16781115531921387 |0.00010466575622558594 |0.45635318756103516 |0.0024497509002685547 |
----------------------------------------------------------pseudo_mini_loss sum 181.9683380126953
Total (block generation + training)time/epoch 0.7543594837188721
Training time/epoch 0.7504837512969971
Training time without block to device /epoch 0.7496073246002197
Training time without total dataloading part /epoch 0.6267187595367432
load block tensor time/epoch 0.006249189376831055
block to device time/epoch 0.0008764266967773438
input features size transfer per epoch 1.4901161193847656e-07
blocks size to device per epoch 1.1175870895385742e-07
 Run 0| Epoch 3 |
Number of nodes for computation during this epoch:  4259
Number of first layer input nodes during this epoch:  2101
Number of first layer output nodes during this epoch:  1518
----------------------------------------before generate dataloader block 
 Nvidia-smi: 3.36279296875 GB
    Memory Allocated: 1.1247148513793945  GigaBytes
Max Memory Allocated: 2.5009751319885254  GigaBytes

-----------------------------------------after block dataloader generation 
 Nvidia-smi: 3.36279296875 GB
    Memory Allocated: 1.1247148513793945  GigaBytes
Max Memory Allocated: 2.5009751319885254  GigaBytes

connection checking time:  0
block generation total time  0
average batch blocks generation time:  0
block dataloader generation time/epoch 0.004000266393025716
pseudo mini batch 0 input nodes size: 2089
----------------------------------------before load block subtensor 
 Nvidia-smi: 3.36279296875 GB
    Memory Allocated: 1.1246132850646973  GigaBytes
Max Memory Allocated: 2.5009751319885254  GigaBytes

----------------------------------------before batch input features to device
 Nvidia-smi: 3.36279296875 GB
    Memory Allocated: 1.1246132850646973  GigaBytes
Max Memory Allocated: 2.5009751319885254  GigaBytes

----------------------------------------after batch input features to device
 Nvidia-smi: 3.36279296875 GB
    Memory Allocated: 1.1363320350646973  GigaBytes
Max Memory Allocated: 2.5009751319885254  GigaBytes

----------------------------------------after  batch labels to device
 Nvidia-smi: 3.36279296875 GB
    Memory Allocated: 1.1363334655761719  GigaBytes
Max Memory Allocated: 2.5009751319885254  GigaBytes

----------------------------------------after load block subtensor  
 Nvidia-smi: 3.36279296875 GB
    Memory Allocated: 1.1251158714294434  GigaBytes
Max Memory Allocated: 2.5009751319885254  GigaBytes

the counter of in-degree of the smallest block in current batch !!!!!!!!!!!!!!_______________!!!!!!!!!!
Counter({3: 26, 2: 25, 4: 22, 1: 20, 5: 15, 6: 11, 9: 4, 7: 4, 8: 3, 10: 3, 30: 2, 12: 2, 21: 1, 19: 1, 11: 1})

----------------------------------------after blocks to device 
 Nvidia-smi: 3.36279296875 GB
    Memory Allocated: 1.125199794769287  GigaBytes
Max Memory Allocated: 2.5009751319885254  GigaBytes

----------------------------------------before batch_pred = model(blocks, batch_inputs) 
 Nvidia-smi: 3.36279296875 GB
    Memory Allocated: 1.125199794769287  GigaBytes
Max Memory Allocated: 2.5009751319885254  GigaBytes

----------------------------------------- after batch_pred = model(blocks, batch_inputs) 
 Nvidia-smi: 3.36279296875 GB
    Memory Allocated: 2.1930956840515137  GigaBytes
Max Memory Allocated: 2.5009751319885254  GigaBytes

-----------------------------------------after loss calculation
 Nvidia-smi: 3.36279296875 GB
    Memory Allocated: 2.1931004524230957  GigaBytes
Max Memory Allocated: 2.5009751319885254  GigaBytes

-----------------------------------------after loss backward
 Nvidia-smi: 3.36279296875 GB
    Memory Allocated: 1.4914002418518066  GigaBytes
Max Memory Allocated: 2.5009751319885254  GigaBytes

-----------------------------------------after optimizer step
 Nvidia-smi: 3.36279296875 GB
    Memory Allocated: 1.4914002418518066  GigaBytes
Max Memory Allocated: 2.5009751319885254  GigaBytes

-----------------------------------------after optimizer zero grad
 Nvidia-smi: 3.36279296875 GB
    Memory Allocated: 1.1252169609069824  GigaBytes
Max Memory Allocated: 2.5009751319885254  GigaBytes

times | data loading | block to device | model prediction | loss calculation | loss backward |  optimizer step |
      |0.004622459411621094 |0.0008997917175292969 |0.1686098575592041 |0.00013256072998046875 |0.4562661647796631 |0.0024309158325195312 |
----------------------------------------------------------pseudo_mini_loss sum 140.83370971679688
Total (block generation + training)time/epoch 0.7545892397562662
Training time/epoch 0.7505626678466797
Training time without block to device /epoch 0.7496628761291504
Training time without total dataloading part /epoch 0.6274394989013672
load block tensor time/epoch 0.004622459411621094
block to device time/epoch 0.0008997917175292969
input features size transfer per epoch 1.4901161193847656e-07
blocks size to device per epoch 1.1175870895385742e-07
 Run 0| Epoch 4 |
Number of nodes for computation during this epoch:  4248
Number of first layer input nodes during this epoch:  2089
Number of first layer output nodes during this epoch:  1522
----------------------------------------before generate dataloader block 
 Nvidia-smi: 3.36279296875 GB
    Memory Allocated: 1.1252164840698242  GigaBytes
Max Memory Allocated: 2.5009751319885254  GigaBytes

-----------------------------------------after block dataloader generation 
 Nvidia-smi: 3.36279296875 GB
    Memory Allocated: 1.1252164840698242  GigaBytes
Max Memory Allocated: 2.5009751319885254  GigaBytes

connection checking time:  0
block generation total time  0
average batch blocks generation time:  0
block dataloader generation time/epoch 0.00397336483001709
pseudo mini batch 0 input nodes size: 2111
----------------------------------------before load block subtensor 
 Nvidia-smi: 3.36279296875 GB
    Memory Allocated: 1.125114917755127  GigaBytes
Max Memory Allocated: 2.5009751319885254  GigaBytes

----------------------------------------before batch input features to device
 Nvidia-smi: 3.36279296875 GB
    Memory Allocated: 1.125114917755127  GigaBytes
Max Memory Allocated: 2.5009751319885254  GigaBytes

----------------------------------------after batch input features to device
 Nvidia-smi: 3.36279296875 GB
    Memory Allocated: 1.1363844871520996  GigaBytes
Max Memory Allocated: 2.5009751319885254  GigaBytes

----------------------------------------after  batch labels to device
 Nvidia-smi: 3.36279296875 GB
    Memory Allocated: 1.1363859176635742  GigaBytes
Max Memory Allocated: 2.5009751319885254  GigaBytes

----------------------------------------after load block subtensor  
 Nvidia-smi: 3.36279296875 GB
    Memory Allocated: 1.1246657371520996  GigaBytes
Max Memory Allocated: 2.5009751319885254  GigaBytes

the counter of in-degree of the smallest block in current batch !!!!!!!!!!!!!!_______________!!!!!!!!!!
Counter({3: 26, 2: 25, 4: 22, 1: 20, 5: 15, 6: 11, 9: 4, 7: 4, 8: 3, 10: 3, 30: 2, 12: 2, 19: 1, 21: 1, 11: 1})

----------------------------------------after blocks to device 
 Nvidia-smi: 3.36279296875 GB
    Memory Allocated: 1.1247496604919434  GigaBytes
Max Memory Allocated: 2.5009751319885254  GigaBytes

----------------------------------------before batch_pred = model(blocks, batch_inputs) 
 Nvidia-smi: 3.36279296875 GB
    Memory Allocated: 1.1247496604919434  GigaBytes
Max Memory Allocated: 2.5009751319885254  GigaBytes

----------------------------------------- after batch_pred = model(blocks, batch_inputs) 
 Nvidia-smi: 3.36279296875 GB
    Memory Allocated: 2.195464611053467  GigaBytes
Max Memory Allocated: 2.5009751319885254  GigaBytes

-----------------------------------------after loss calculation
 Nvidia-smi: 3.36279296875 GB
    Memory Allocated: 2.195469379425049  GigaBytes
Max Memory Allocated: 2.5009751319885254  GigaBytes

-----------------------------------------after loss backward
 Nvidia-smi: 3.36279296875 GB
    Memory Allocated: 1.4902691841125488  GigaBytes
Max Memory Allocated: 2.5016613006591797  GigaBytes

-----------------------------------------after optimizer step
 Nvidia-smi: 3.36279296875 GB
    Memory Allocated: 1.4902691841125488  GigaBytes
Max Memory Allocated: 2.5016613006591797  GigaBytes

-----------------------------------------after optimizer zero grad
 Nvidia-smi: 3.36279296875 GB
    Memory Allocated: 1.124767780303955  GigaBytes
Max Memory Allocated: 2.5016613006591797  GigaBytes

times | data loading | block to device | model prediction | loss calculation | loss backward |  optimizer step |
      |0.004582405090332031 |0.0008516311645507812 |0.167893648147583 |0.00010013580322265625 |0.45618653297424316 |0.0028781890869140625 |
----------------------------------------------------------pseudo_mini_loss sum 220.29061889648438
Total (block generation + training)time/epoch 0.7542106509208679
Training time/epoch 0.7491004467010498
Training time without block to device /epoch 0.748248815536499
Training time without total dataloading part /epoch 0.6270585060119629
load block tensor time/epoch 0.004582405090332031
block to device time/epoch 0.0008516311645507812
input features size transfer per epoch 1.4901161193847656e-07
blocks size to device per epoch 1.1175870895385742e-07
 Run 0| Epoch 5 |
Number of nodes for computation during this epoch:  4273
Number of first layer input nodes during this epoch:  2111
Number of first layer output nodes during this epoch:  1525
----------------------------------------before generate dataloader block 
 Nvidia-smi: 3.36279296875 GB
    Memory Allocated: 1.1247673034667969  GigaBytes
Max Memory Allocated: 2.5016613006591797  GigaBytes

-----------------------------------------after block dataloader generation 
 Nvidia-smi: 3.36279296875 GB
    Memory Allocated: 1.1247673034667969  GigaBytes
Max Memory Allocated: 2.5016613006591797  GigaBytes

connection checking time:  0
block generation total time  0
average batch blocks generation time:  0
block dataloader generation time/epoch 0.0038931846618652345
pseudo mini batch 0 input nodes size: 2104
----------------------------------------before load block subtensor 
 Nvidia-smi: 3.36279296875 GB
    Memory Allocated: 1.1246657371520996  GigaBytes
Max Memory Allocated: 2.5016613006591797  GigaBytes

----------------------------------------before batch input features to device
 Nvidia-smi: 3.36279296875 GB
    Memory Allocated: 1.1246657371520996  GigaBytes
Max Memory Allocated: 2.5016613006591797  GigaBytes

----------------------------------------after batch input features to device
 Nvidia-smi: 3.36279296875 GB
    Memory Allocated: 1.1363844871520996  GigaBytes
Max Memory Allocated: 2.5016613006591797  GigaBytes

----------------------------------------after  batch labels to device
 Nvidia-smi: 3.36279296875 GB
    Memory Allocated: 1.1363859176635742  GigaBytes
Max Memory Allocated: 2.5016613006591797  GigaBytes

----------------------------------------after load block subtensor  
 Nvidia-smi: 3.36279296875 GB
    Memory Allocated: 1.125114917755127  GigaBytes
Max Memory Allocated: 2.5016613006591797  GigaBytes

the counter of in-degree of the smallest block in current batch !!!!!!!!!!!!!!_______________!!!!!!!!!!
Counter({3: 26, 2: 25, 4: 22, 1: 20, 5: 15, 6: 11, 7: 4, 9: 4, 8: 3, 10: 3, 30: 2, 12: 2, 19: 1, 21: 1, 11: 1})

----------------------------------------after blocks to device 
 Nvidia-smi: 3.36279296875 GB
    Memory Allocated: 1.1251988410949707  GigaBytes
Max Memory Allocated: 2.5016613006591797  GigaBytes

----------------------------------------before batch_pred = model(blocks, batch_inputs) 
 Nvidia-smi: 3.36279296875 GB
    Memory Allocated: 1.1251988410949707  GigaBytes
Max Memory Allocated: 2.5016613006591797  GigaBytes

----------------------------------------- after batch_pred = model(blocks, batch_inputs) 
 Nvidia-smi: 3.36279296875 GB
    Memory Allocated: 2.1926493644714355  GigaBytes
Max Memory Allocated: 2.5016613006591797  GigaBytes

-----------------------------------------after loss calculation
 Nvidia-smi: 3.36279296875 GB
    Memory Allocated: 2.1926541328430176  GigaBytes
Max Memory Allocated: 2.5016613006591797  GigaBytes

-----------------------------------------after loss backward
 Nvidia-smi: 3.36279296875 GB
    Memory Allocated: 1.4906964302062988  GigaBytes
Max Memory Allocated: 2.5016613006591797  GigaBytes

-----------------------------------------after optimizer step
 Nvidia-smi: 3.36279296875 GB
    Memory Allocated: 1.4906964302062988  GigaBytes
Max Memory Allocated: 2.5016613006591797  GigaBytes

-----------------------------------------after optimizer zero grad
 Nvidia-smi: 3.36279296875 GB
    Memory Allocated: 1.1252169609069824  GigaBytes
Max Memory Allocated: 2.5016613006591797  GigaBytes

times | data loading | block to device | model prediction | loss calculation | loss backward |  optimizer step |
      |0.005003690719604492 |0.0008478164672851562 |0.16771221160888672 |0.00010132789611816406 |0.4561781883239746 |0.0029497146606445312 |
----------------------------------------------------------pseudo_mini_loss sum 102.82079315185547
Total (block generation + training)time/epoch 0.7539443492889404
Training time/epoch 0.7492270469665527
Training time without block to device /epoch 0.7483792304992676
Training time without total dataloading part /epoch 0.626941442489624
load block tensor time/epoch 0.005003690719604492
block to device time/epoch 0.0008478164672851562
input features size transfer per epoch 1.4901161193847656e-07
blocks size to device per epoch 1.1175870895385742e-07
 Run 0| Epoch 6 |
Number of nodes for computation during this epoch:  4267
Number of first layer input nodes during this epoch:  2104
Number of first layer output nodes during this epoch:  1527
----------------------------------------before generate dataloader block 
 Nvidia-smi: 3.36279296875 GB
    Memory Allocated: 1.1252164840698242  GigaBytes
Max Memory Allocated: 2.5016613006591797  GigaBytes

-----------------------------------------after block dataloader generation 
 Nvidia-smi: 3.36279296875 GB
    Memory Allocated: 1.1252164840698242  GigaBytes
Max Memory Allocated: 2.5016613006591797  GigaBytes

connection checking time:  0
block generation total time  0
average batch blocks generation time:  0
block dataloader generation time/epoch 0.0039132436116536455
pseudo mini batch 0 input nodes size: 2083
----------------------------------------before load block subtensor 
 Nvidia-smi: 3.36279296875 GB
    Memory Allocated: 1.125114917755127  GigaBytes
Max Memory Allocated: 2.5016613006591797  GigaBytes

----------------------------------------before batch input features to device
 Nvidia-smi: 3.36279296875 GB
    Memory Allocated: 1.125114917755127  GigaBytes
Max Memory Allocated: 2.5016613006591797  GigaBytes

----------------------------------------after batch input features to device
 Nvidia-smi: 3.36279296875 GB
    Memory Allocated: 1.1362347602844238  GigaBytes
Max Memory Allocated: 2.5016613006591797  GigaBytes

----------------------------------------after  batch labels to device
 Nvidia-smi: 3.36279296875 GB
    Memory Allocated: 1.1362361907958984  GigaBytes
Max Memory Allocated: 2.5016613006591797  GigaBytes

----------------------------------------after load block subtensor  
 Nvidia-smi: 3.36279296875 GB
    Memory Allocated: 1.1245160102844238  GigaBytes
Max Memory Allocated: 2.5016613006591797  GigaBytes

the counter of in-degree of the smallest block in current batch !!!!!!!!!!!!!!_______________!!!!!!!!!!
Counter({3: 26, 2: 25, 4: 22, 1: 20, 5: 15, 6: 11, 7: 4, 9: 4, 8: 3, 10: 3, 12: 2, 30: 2, 21: 1, 11: 1, 19: 1})

----------------------------------------after blocks to device 
 Nvidia-smi: 3.36279296875 GB
    Memory Allocated: 1.1245999336242676  GigaBytes
Max Memory Allocated: 2.5016613006591797  GigaBytes

----------------------------------------before batch_pred = model(blocks, batch_inputs) 
 Nvidia-smi: 3.36279296875 GB
    Memory Allocated: 1.1245999336242676  GigaBytes
Max Memory Allocated: 2.5016613006591797  GigaBytes

----------------------------------------- after batch_pred = model(blocks, batch_inputs) 
 Nvidia-smi: 3.36279296875 GB
    Memory Allocated: 2.1906447410583496  GigaBytes
Max Memory Allocated: 2.5016613006591797  GigaBytes

-----------------------------------------after loss calculation
 Nvidia-smi: 3.36279296875 GB
    Memory Allocated: 2.1906495094299316  GigaBytes
Max Memory Allocated: 2.5016613006591797  GigaBytes

-----------------------------------------after loss backward
 Nvidia-smi: 3.36279296875 GB
    Memory Allocated: 1.490811824798584  GigaBytes
Max Memory Allocated: 2.5016613006591797  GigaBytes

-----------------------------------------after optimizer step
 Nvidia-smi: 3.36279296875 GB
    Memory Allocated: 1.490811824798584  GigaBytes
Max Memory Allocated: 2.5016613006591797  GigaBytes

-----------------------------------------after optimizer zero grad
 Nvidia-smi: 3.36279296875 GB
    Memory Allocated: 1.1246180534362793  GigaBytes
Max Memory Allocated: 2.5016613006591797  GigaBytes

times | data loading | block to device | model prediction | loss calculation | loss backward |  optimizer step |
      |0.004507541656494141 |0.0008485317230224609 |0.16721487045288086 |0.00010275840759277344 |0.4562842845916748 |0.0024225711822509766 |
----------------------------------------------------------pseudo_mini_loss sum 39.85272216796875
Total (block generation + training)time/epoch 0.7537518342336019
Training time/epoch 0.7486958503723145
Training time without block to device /epoch 0.747847318649292
Training time without total dataloading part /epoch 0.6260244846343994
load block tensor time/epoch 0.004507541656494141
block to device time/epoch 0.0008485317230224609
input features size transfer per epoch 1.4901161193847656e-07
blocks size to device per epoch 1.1175870895385742e-07
 Run 0| Epoch 7 |
Number of nodes for computation during this epoch:  4242
Number of first layer input nodes during this epoch:  2083
Number of first layer output nodes during this epoch:  1521
----------------------------------------before generate dataloader block 
 Nvidia-smi: 3.36279296875 GB
    Memory Allocated: 1.124617576599121  GigaBytes
Max Memory Allocated: 2.5016613006591797  GigaBytes

-----------------------------------------after block dataloader generation 
 Nvidia-smi: 3.36279296875 GB
    Memory Allocated: 1.124617576599121  GigaBytes
Max Memory Allocated: 2.5016613006591797  GigaBytes

connection checking time:  0
block generation total time  0
average batch blocks generation time:  0
block dataloader generation time/epoch 0.0038643905094691683
pseudo mini batch 0 input nodes size: 2095
----------------------------------------before load block subtensor 
 Nvidia-smi: 3.36279296875 GB
    Memory Allocated: 1.1245160102844238  GigaBytes
Max Memory Allocated: 2.5016613006591797  GigaBytes

----------------------------------------before batch input features to device
 Nvidia-smi: 3.36279296875 GB
    Memory Allocated: 1.1245160102844238  GigaBytes
Max Memory Allocated: 2.5016613006591797  GigaBytes

----------------------------------------after batch input features to device
 Nvidia-smi: 3.36279296875 GB
    Memory Allocated: 1.1362347602844238  GigaBytes
Max Memory Allocated: 2.5016613006591797  GigaBytes

----------------------------------------after  batch labels to device
 Nvidia-smi: 3.36279296875 GB
    Memory Allocated: 1.1362361907958984  GigaBytes
Max Memory Allocated: 2.5016613006591797  GigaBytes

----------------------------------------after load block subtensor  
 Nvidia-smi: 3.36279296875 GB
    Memory Allocated: 1.125114917755127  GigaBytes
Max Memory Allocated: 2.5016613006591797  GigaBytes

the counter of in-degree of the smallest block in current batch !!!!!!!!!!!!!!_______________!!!!!!!!!!
Counter({3: 26, 2: 25, 4: 22, 1: 20, 5: 15, 6: 11, 9: 4, 7: 4, 8: 3, 10: 3, 12: 2, 30: 2, 11: 1, 19: 1, 21: 1})

----------------------------------------after blocks to device 
 Nvidia-smi: 3.36279296875 GB
    Memory Allocated: 1.1251988410949707  GigaBytes
Max Memory Allocated: 2.5016613006591797  GigaBytes

----------------------------------------before batch_pred = model(blocks, batch_inputs) 
 Nvidia-smi: 3.36279296875 GB
    Memory Allocated: 1.1251988410949707  GigaBytes
Max Memory Allocated: 2.5016613006591797  GigaBytes

----------------------------------------- after batch_pred = model(blocks, batch_inputs) 
 Nvidia-smi: 3.36474609375 GB
    Memory Allocated: 2.194395065307617  GigaBytes
Max Memory Allocated: 2.5016613006591797  GigaBytes

-----------------------------------------after loss calculation
 Nvidia-smi: 3.36474609375 GB
    Memory Allocated: 2.194399833679199  GigaBytes
Max Memory Allocated: 2.5016613006591797  GigaBytes

-----------------------------------------after loss backward
 Nvidia-smi: 3.36474609375 GB
    Memory Allocated: 1.4914755821228027  GigaBytes
Max Memory Allocated: 2.5016613006591797  GigaBytes

-----------------------------------------after optimizer step
 Nvidia-smi: 3.36474609375 GB
    Memory Allocated: 1.4914755821228027  GigaBytes
Max Memory Allocated: 2.5016613006591797  GigaBytes

-----------------------------------------after optimizer zero grad
 Nvidia-smi: 3.36474609375 GB
    Memory Allocated: 1.1252169609069824  GigaBytes
Max Memory Allocated: 2.5016613006591797  GigaBytes

times | data loading | block to device | model prediction | loss calculation | loss backward |  optimizer step |
      |0.0050776004791259766 |0.0008533000946044922 |0.16886186599731445 |9.989738464355469e-05 |0.45616960525512695 |0.0027556419372558594 |
----------------------------------------------------------pseudo_mini_loss sum 53.626407623291016
Total (block generation + training)time/epoch 0.7537984507424491
Training time/epoch 0.7504265308380127
Training time without block to device /epoch 0.7495732307434082
Training time without total dataloading part /epoch 0.6278870105743408
load block tensor time/epoch 0.0050776004791259766
block to device time/epoch 0.0008533000946044922
input features size transfer per epoch 1.4901161193847656e-07
blocks size to device per epoch 1.1175870895385742e-07
 Run 0| Epoch 8 |
Number of nodes for computation during this epoch:  4248
Number of first layer input nodes during this epoch:  2095
Number of first layer output nodes during this epoch:  1515
----------------------------------------before generate dataloader block 
 Nvidia-smi: 3.36474609375 GB
    Memory Allocated: 1.1252164840698242  GigaBytes
Max Memory Allocated: 2.5016613006591797  GigaBytes

-----------------------------------------after block dataloader generation 
 Nvidia-smi: 3.36474609375 GB
    Memory Allocated: 1.1252164840698242  GigaBytes
Max Memory Allocated: 2.5016613006591797  GigaBytes

connection checking time:  0
block generation total time  0
average batch blocks generation time:  0
block dataloader generation time/epoch 0.003825575113296509
pseudo mini batch 0 input nodes size: 2082
----------------------------------------before load block subtensor 
 Nvidia-smi: 3.36474609375 GB
    Memory Allocated: 1.125114917755127  GigaBytes
Max Memory Allocated: 2.5016613006591797  GigaBytes

----------------------------------------before batch input features to device
 Nvidia-smi: 3.36474609375 GB
    Memory Allocated: 1.125114917755127  GigaBytes
Max Memory Allocated: 2.5016613006591797  GigaBytes

----------------------------------------after batch input features to device
 Nvidia-smi: 3.36474609375 GB
    Memory Allocated: 1.1362295150756836  GigaBytes
Max Memory Allocated: 2.5016613006591797  GigaBytes

----------------------------------------after  batch labels to device
 Nvidia-smi: 3.36474609375 GB
    Memory Allocated: 1.1362309455871582  GigaBytes
Max Memory Allocated: 2.5016613006591797  GigaBytes

----------------------------------------after load block subtensor  
 Nvidia-smi: 3.36474609375 GB
    Memory Allocated: 1.1245107650756836  GigaBytes
Max Memory Allocated: 2.5016613006591797  GigaBytes

the counter of in-degree of the smallest block in current batch !!!!!!!!!!!!!!_______________!!!!!!!!!!
Counter({3: 26, 2: 25, 4: 22, 1: 20, 5: 15, 6: 11, 9: 4, 7: 4, 10: 3, 8: 3, 30: 2, 12: 2, 19: 1, 11: 1, 21: 1})

----------------------------------------after blocks to device 
 Nvidia-smi: 3.36474609375 GB
    Memory Allocated: 1.1245946884155273  GigaBytes
Max Memory Allocated: 2.5016613006591797  GigaBytes

----------------------------------------before batch_pred = model(blocks, batch_inputs) 
 Nvidia-smi: 3.36474609375 GB
    Memory Allocated: 1.1245946884155273  GigaBytes
Max Memory Allocated: 2.5016613006591797  GigaBytes

----------------------------------------- after batch_pred = model(blocks, batch_inputs) 
 Nvidia-smi: 3.36474609375 GB
    Memory Allocated: 2.195962429046631  GigaBytes
Max Memory Allocated: 2.5016613006591797  GigaBytes

-----------------------------------------after loss calculation
 Nvidia-smi: 3.36474609375 GB
    Memory Allocated: 2.195967197418213  GigaBytes
Max Memory Allocated: 2.5016613006591797  GigaBytes

-----------------------------------------after loss backward
 Nvidia-smi: 3.36474609375 GB
    Memory Allocated: 1.4891996383666992  GigaBytes
Max Memory Allocated: 2.5022125244140625  GigaBytes

-----------------------------------------after optimizer step
 Nvidia-smi: 3.36474609375 GB
    Memory Allocated: 1.4891996383666992  GigaBytes
Max Memory Allocated: 2.5022125244140625  GigaBytes

-----------------------------------------after optimizer zero grad
 Nvidia-smi: 3.36474609375 GB
    Memory Allocated: 1.124612808227539  GigaBytes
Max Memory Allocated: 2.5022125244140625  GigaBytes

times | data loading | block to device | model prediction | loss calculation | loss backward |  optimizer step |
      |0.005087614059448242 |0.0008487701416015625 |0.16724205017089844 |9.965896606445312e-05 |0.45649027824401855 |0.0029420852661132812 |
----------------------------------------------------------pseudo_mini_loss sum 46.75401306152344
Total (block generation + training)time/epoch 0.7535745203495026
Training time/epoch 0.7483711242675781
Training time without block to device /epoch 0.7475223541259766
Training time without total dataloading part /epoch 0.6267740726470947
load block tensor time/epoch 0.005087614059448242
block to device time/epoch 0.0008487701416015625
input features size transfer per epoch 1.4901161193847656e-07
blocks size to device per epoch 1.1175870895385742e-07
 Run 0| Epoch 9 |
Number of nodes for computation during this epoch:  4247
Number of first layer input nodes during this epoch:  2082
Number of first layer output nodes during this epoch:  1528
----------------------------------------before generate dataloader block 
 Nvidia-smi: 3.36474609375 GB
    Memory Allocated: 1.1246123313903809  GigaBytes
Max Memory Allocated: 2.5022125244140625  GigaBytes

-----------------------------------------after block dataloader generation 
 Nvidia-smi: 3.36474609375 GB
    Memory Allocated: 1.1246123313903809  GigaBytes
Max Memory Allocated: 2.5022125244140625  GigaBytes

connection checking time:  0
block generation total time  0
average batch blocks generation time:  0
block dataloader generation time/epoch 0.0038462214999728734
pseudo mini batch 0 input nodes size: 2072
----------------------------------------before load block subtensor 
 Nvidia-smi: 3.36474609375 GB
    Memory Allocated: 1.1245107650756836  GigaBytes
Max Memory Allocated: 2.5022125244140625  GigaBytes

----------------------------------------before batch input features to device
 Nvidia-smi: 3.36474609375 GB
    Memory Allocated: 1.1245107650756836  GigaBytes
Max Memory Allocated: 2.5022125244140625  GigaBytes

----------------------------------------after batch input features to device
 Nvidia-smi: 3.36474609375 GB
    Memory Allocated: 1.1362295150756836  GigaBytes
Max Memory Allocated: 2.5022125244140625  GigaBytes

----------------------------------------after  batch labels to device
 Nvidia-smi: 3.36474609375 GB
    Memory Allocated: 1.1362309455871582  GigaBytes
Max Memory Allocated: 2.5022125244140625  GigaBytes

----------------------------------------after load block subtensor  
 Nvidia-smi: 3.36474609375 GB
    Memory Allocated: 1.125114917755127  GigaBytes
Max Memory Allocated: 2.5022125244140625  GigaBytes

the counter of in-degree of the smallest block in current batch !!!!!!!!!!!!!!_______________!!!!!!!!!!
Counter({3: 26, 2: 25, 4: 22, 1: 20, 5: 15, 6: 11, 7: 4, 9: 4, 8: 3, 10: 3, 12: 2, 30: 2, 19: 1, 11: 1, 21: 1})

----------------------------------------after blocks to device 
 Nvidia-smi: 3.36474609375 GB
    Memory Allocated: 1.1251988410949707  GigaBytes
Max Memory Allocated: 2.5022125244140625  GigaBytes

----------------------------------------before batch_pred = model(blocks, batch_inputs) 
 Nvidia-smi: 3.36474609375 GB
    Memory Allocated: 1.1251988410949707  GigaBytes
Max Memory Allocated: 2.5022125244140625  GigaBytes

----------------------------------------- after batch_pred = model(blocks, batch_inputs) 
 Nvidia-smi: 3.36474609375 GB
    Memory Allocated: 2.191147804260254  GigaBytes
Max Memory Allocated: 2.5022125244140625  GigaBytes

-----------------------------------------after loss calculation
 Nvidia-smi: 3.36474609375 GB
    Memory Allocated: 2.191152572631836  GigaBytes
Max Memory Allocated: 2.5022125244140625  GigaBytes

-----------------------------------------after loss backward
 Nvidia-smi: 3.36474609375 GB
    Memory Allocated: 1.4914641380310059  GigaBytes
Max Memory Allocated: 2.5022125244140625  GigaBytes

-----------------------------------------after optimizer step
 Nvidia-smi: 3.36474609375 GB
    Memory Allocated: 1.4914641380310059  GigaBytes
Max Memory Allocated: 2.5022125244140625  GigaBytes

-----------------------------------------after optimizer zero grad
 Nvidia-smi: 3.36474609375 GB
    Memory Allocated: 1.1252169609069824  GigaBytes
Max Memory Allocated: 2.5022125244140625  GigaBytes

times | data loading | block to device | model prediction | loss calculation | loss backward |  optimizer step |
      |0.004496097564697266 |0.0008573532104492188 |0.16756176948547363 |0.00010156631469726562 |0.4564073085784912 |0.0029006004333496094 |
----------------------------------------------------------pseudo_mini_loss sum 26.374967575073242
Total (block generation + training)time/epoch 0.7535067664252387
Training time/epoch 0.748868465423584
Training time without block to device /epoch 0.7480111122131348
Training time without total dataloading part /epoch 0.6269712448120117
load block tensor time/epoch 0.004496097564697266
block to device time/epoch 0.0008573532104492188
input features size transfer per epoch 1.4901161193847656e-07
blocks size to device per epoch 1.1175870895385742e-07
 Run 0| Epoch 10 |
Number of nodes for computation during this epoch:  4225
Number of first layer input nodes during this epoch:  2072
Number of first layer output nodes during this epoch:  1516
----------------------------------------before generate dataloader block 
 Nvidia-smi: 3.36474609375 GB
    Memory Allocated: 1.1252164840698242  GigaBytes
Max Memory Allocated: 2.5022125244140625  GigaBytes

-----------------------------------------after block dataloader generation 
 Nvidia-smi: 3.36474609375 GB
    Memory Allocated: 1.1252164840698242  GigaBytes
Max Memory Allocated: 2.5022125244140625  GigaBytes

connection checking time:  0
block generation total time  0
average batch blocks generation time:  0
block dataloader generation time/epoch 0.0038212299346923827
pseudo mini batch 0 input nodes size: 2092
----------------------------------------before load block subtensor 
 Nvidia-smi: 3.36474609375 GB
    Memory Allocated: 1.125114917755127  GigaBytes
Max Memory Allocated: 2.5022125244140625  GigaBytes

----------------------------------------before batch input features to device
 Nvidia-smi: 3.36474609375 GB
    Memory Allocated: 1.125114917755127  GigaBytes
Max Memory Allocated: 2.5022125244140625  GigaBytes

----------------------------------------after batch input features to device
 Nvidia-smi: 3.36474609375 GB
    Memory Allocated: 1.1362829208374023  GigaBytes
Max Memory Allocated: 2.5022125244140625  GigaBytes

----------------------------------------after  batch labels to device
 Nvidia-smi: 3.36474609375 GB
    Memory Allocated: 1.136284351348877  GigaBytes
Max Memory Allocated: 2.5022125244140625  GigaBytes

----------------------------------------after load block subtensor  
 Nvidia-smi: 3.36474609375 GB
    Memory Allocated: 1.1245641708374023  GigaBytes
Max Memory Allocated: 2.5022125244140625  GigaBytes

the counter of in-degree of the smallest block in current batch !!!!!!!!!!!!!!_______________!!!!!!!!!!
Counter({3: 26, 2: 25, 4: 22, 1: 20, 5: 15, 6: 11, 7: 4, 9: 4, 10: 3, 8: 3, 12: 2, 30: 2, 11: 1, 19: 1, 21: 1})

----------------------------------------after blocks to device 
 Nvidia-smi: 3.36474609375 GB
    Memory Allocated: 1.124648094177246  GigaBytes
Max Memory Allocated: 2.5022125244140625  GigaBytes

----------------------------------------before batch_pred = model(blocks, batch_inputs) 
 Nvidia-smi: 3.36474609375 GB
    Memory Allocated: 1.124648094177246  GigaBytes
Max Memory Allocated: 2.5022125244140625  GigaBytes

----------------------------------------- after batch_pred = model(blocks, batch_inputs) 
 Nvidia-smi: 3.36474609375 GB
    Memory Allocated: 2.192582130432129  GigaBytes
Max Memory Allocated: 2.5022125244140625  GigaBytes

-----------------------------------------after loss calculation
 Nvidia-smi: 3.36474609375 GB
    Memory Allocated: 2.192586898803711  GigaBytes
Max Memory Allocated: 2.5022125244140625  GigaBytes

-----------------------------------------after loss backward
 Nvidia-smi: 3.36474609375 GB
    Memory Allocated: 1.4907960891723633  GigaBytes
Max Memory Allocated: 2.5022125244140625  GigaBytes

-----------------------------------------after optimizer step
 Nvidia-smi: 3.36474609375 GB
    Memory Allocated: 1.4907960891723633  GigaBytes
Max Memory Allocated: 2.5022125244140625  GigaBytes

-----------------------------------------after optimizer zero grad
 Nvidia-smi: 3.36474609375 GB
    Memory Allocated: 1.1246662139892578  GigaBytes
Max Memory Allocated: 2.5022125244140625  GigaBytes

times | data loading | block to device | model prediction | loss calculation | loss backward |  optimizer step |
      |0.005123615264892578 |0.0008611679077148438 |0.1679985523223877 |0.00011372566223144531 |0.4564940929412842 |0.0023984909057617188 |
----------------------------------------------------------pseudo_mini_loss sum 11.575594902038574
Total (block generation + training)time/epoch 0.7535073757171631
Training time/epoch 0.7498362064361572
Training time without block to device /epoch 0.7489750385284424
Training time without total dataloading part /epoch 0.627004861831665
load block tensor time/epoch 0.005123615264892578
block to device time/epoch 0.0008611679077148438
input features size transfer per epoch 1.4901161193847656e-07
blocks size to device per epoch 1.1175870895385742e-07
 Run 0| Epoch 11 |
Number of nodes for computation during this epoch:  4255
Number of first layer input nodes during this epoch:  2092
Number of first layer output nodes during this epoch:  1527
----------------------------------------before generate dataloader block 
 Nvidia-smi: 3.36474609375 GB
    Memory Allocated: 1.1246657371520996  GigaBytes
Max Memory Allocated: 2.5022125244140625  GigaBytes

-----------------------------------------after block dataloader generation 
 Nvidia-smi: 3.36474609375 GB
    Memory Allocated: 1.1246657371520996  GigaBytes
Max Memory Allocated: 2.5022125244140625  GigaBytes

connection checking time:  0
block generation total time  0
average batch blocks generation time:  0
block dataloader generation time/epoch 0.003922093998302113
pseudo mini batch 0 input nodes size: 2091
----------------------------------------before load block subtensor 
 Nvidia-smi: 3.36474609375 GB
    Memory Allocated: 1.1245641708374023  GigaBytes
Max Memory Allocated: 2.5022125244140625  GigaBytes

----------------------------------------before batch input features to device
 Nvidia-smi: 3.36474609375 GB
    Memory Allocated: 1.1245641708374023  GigaBytes
Max Memory Allocated: 2.5022125244140625  GigaBytes

----------------------------------------after batch input features to device
 Nvidia-smi: 3.36474609375 GB
    Memory Allocated: 1.1362829208374023  GigaBytes
Max Memory Allocated: 2.5022125244140625  GigaBytes

----------------------------------------after  batch labels to device
 Nvidia-smi: 3.36474609375 GB
    Memory Allocated: 1.136284351348877  GigaBytes
Max Memory Allocated: 2.5022125244140625  GigaBytes

----------------------------------------after load block subtensor  
 Nvidia-smi: 3.36474609375 GB
    Memory Allocated: 1.125114917755127  GigaBytes
Max Memory Allocated: 2.5022125244140625  GigaBytes

the counter of in-degree of the smallest block in current batch !!!!!!!!!!!!!!_______________!!!!!!!!!!
Counter({3: 26, 2: 25, 4: 22, 1: 20, 5: 15, 6: 11, 9: 4, 7: 4, 10: 3, 8: 3, 12: 2, 30: 2, 19: 1, 21: 1, 11: 1})

----------------------------------------after blocks to device 
 Nvidia-smi: 3.36474609375 GB
    Memory Allocated: 1.1251988410949707  GigaBytes
Max Memory Allocated: 2.5022125244140625  GigaBytes

----------------------------------------before batch_pred = model(blocks, batch_inputs) 
 Nvidia-smi: 3.36474609375 GB
    Memory Allocated: 1.1251988410949707  GigaBytes
Max Memory Allocated: 2.5022125244140625  GigaBytes

----------------------------------------- after batch_pred = model(blocks, batch_inputs) 
 Nvidia-smi: 3.36474609375 GB
    Memory Allocated: 2.187912940979004  GigaBytes
Max Memory Allocated: 2.5022125244140625  GigaBytes

-----------------------------------------after loss calculation
 Nvidia-smi: 3.36474609375 GB
    Memory Allocated: 2.187917709350586  GigaBytes
Max Memory Allocated: 2.5022125244140625  GigaBytes

-----------------------------------------after loss backward
 Nvidia-smi: 3.36474609375 GB
    Memory Allocated: 1.4915070533752441  GigaBytes
Max Memory Allocated: 2.5022125244140625  GigaBytes

-----------------------------------------after optimizer step
 Nvidia-smi: 3.36474609375 GB
    Memory Allocated: 1.4915070533752441  GigaBytes
Max Memory Allocated: 2.5022125244140625  GigaBytes

-----------------------------------------after optimizer zero grad
 Nvidia-smi: 3.36474609375 GB
    Memory Allocated: 1.1252169609069824  GigaBytes
Max Memory Allocated: 2.5022125244140625  GigaBytes

times | data loading | block to device | model prediction | loss calculation | loss backward |  optimizer step |
      |0.006491661071777344 |0.0009014606475830078 |0.16757845878601074 |0.00010395050048828125 |0.4558753967285156 |0.0023927688598632812 |
----------------------------------------------------------pseudo_mini_loss sum 7.24695348739624
Total (block generation + training)time/epoch 0.7537072788585316
Training time/epoch 0.7506957054138184
Training time without block to device /epoch 0.7497942447662354
Training time without total dataloading part /epoch 0.6259505748748779
load block tensor time/epoch 0.006491661071777344
block to device time/epoch 0.0009014606475830078
input features size transfer per epoch 1.4901161193847656e-07
blocks size to device per epoch 1.1175870895385742e-07
 Run 0| Epoch 12 |
Number of nodes for computation during this epoch:  4240
Number of first layer input nodes during this epoch:  2091
Number of first layer output nodes during this epoch:  1512
----------------------------------------before generate dataloader block 
 Nvidia-smi: 3.36474609375 GB
    Memory Allocated: 1.1252164840698242  GigaBytes
Max Memory Allocated: 2.5022125244140625  GigaBytes

-----------------------------------------after block dataloader generation 
 Nvidia-smi: 3.36474609375 GB
    Memory Allocated: 1.1252164840698242  GigaBytes
Max Memory Allocated: 2.5022125244140625  GigaBytes

connection checking time:  0
block generation total time  0
average batch blocks generation time:  0
block dataloader generation time/epoch 0.0039021174112955728
pseudo mini batch 0 input nodes size: 2104
----------------------------------------before load block subtensor 
 Nvidia-smi: 3.36474609375 GB
    Memory Allocated: 1.125114917755127  GigaBytes
Max Memory Allocated: 2.5022125244140625  GigaBytes

----------------------------------------before batch input features to device
 Nvidia-smi: 3.36474609375 GB
    Memory Allocated: 1.125114917755127  GigaBytes
Max Memory Allocated: 2.5022125244140625  GigaBytes

----------------------------------------after batch input features to device
 Nvidia-smi: 3.36474609375 GB
    Memory Allocated: 1.1363468170166016  GigaBytes
Max Memory Allocated: 2.5022125244140625  GigaBytes

----------------------------------------after  batch labels to device
 Nvidia-smi: 3.36474609375 GB
    Memory Allocated: 1.1363482475280762  GigaBytes
Max Memory Allocated: 2.5022125244140625  GigaBytes

----------------------------------------after load block subtensor  
 Nvidia-smi: 3.36474609375 GB
    Memory Allocated: 1.1246280670166016  GigaBytes
Max Memory Allocated: 2.5022125244140625  GigaBytes

the counter of in-degree of the smallest block in current batch !!!!!!!!!!!!!!_______________!!!!!!!!!!
Counter({3: 26, 2: 25, 4: 22, 1: 20, 5: 15, 6: 11, 9: 4, 7: 4, 8: 3, 10: 3, 12: 2, 30: 2, 19: 1, 21: 1, 11: 1})

----------------------------------------after blocks to device 
 Nvidia-smi: 3.36474609375 GB
    Memory Allocated: 1.1247119903564453  GigaBytes
Max Memory Allocated: 2.5022125244140625  GigaBytes

----------------------------------------before batch_pred = model(blocks, batch_inputs) 
 Nvidia-smi: 3.36474609375 GB
    Memory Allocated: 1.1247119903564453  GigaBytes
Max Memory Allocated: 2.5022125244140625  GigaBytes

----------------------------------------- after batch_pred = model(blocks, batch_inputs) 
 Nvidia-smi: 3.36474609375 GB
    Memory Allocated: 2.187328815460205  GigaBytes
Max Memory Allocated: 2.5022125244140625  GigaBytes

-----------------------------------------after loss calculation
 Nvidia-smi: 3.36474609375 GB
    Memory Allocated: 2.187333583831787  GigaBytes
Max Memory Allocated: 2.5022125244140625  GigaBytes

-----------------------------------------after loss backward
 Nvidia-smi: 3.36474609375 GB
    Memory Allocated: 1.49029541015625  GigaBytes
Max Memory Allocated: 2.5022125244140625  GigaBytes

-----------------------------------------after optimizer step
 Nvidia-smi: 3.36474609375 GB
    Memory Allocated: 1.49029541015625  GigaBytes
Max Memory Allocated: 2.5022125244140625  GigaBytes

-----------------------------------------after optimizer zero grad
 Nvidia-smi: 3.36474609375 GB
    Memory Allocated: 1.124730110168457  GigaBytes
Max Memory Allocated: 2.5022125244140625  GigaBytes

times | data loading | block to device | model prediction | loss calculation | loss backward |  optimizer step |
      |0.006519317626953125 |0.0008475780487060547 |0.16763043403625488 |0.00010251998901367188 |0.4557347297668457 |0.003220796585083008 |
----------------------------------------------------------pseudo_mini_loss sum 4.96079158782959
Total (block generation + training)time/epoch 0.7537393569946289
Training time/epoch 0.7503254413604736
Training time without block to device /epoch 0.7494778633117676
Training time without total dataloading part /epoch 0.6266884803771973
load block tensor time/epoch 0.006519317626953125
block to device time/epoch 0.0008475780487060547
input features size transfer per epoch 1.4901161193847656e-07
blocks size to device per epoch 1.1175870895385742e-07
 Run 0| Epoch 13 |
Number of nodes for computation during this epoch:  4260
Number of first layer input nodes during this epoch:  2104
Number of first layer output nodes during this epoch:  1519
----------------------------------------before generate dataloader block 
 Nvidia-smi: 3.36474609375 GB
    Memory Allocated: 1.1247296333312988  GigaBytes
Max Memory Allocated: 2.5022125244140625  GigaBytes

-----------------------------------------after block dataloader generation 
 Nvidia-smi: 3.36474609375 GB
    Memory Allocated: 1.1247296333312988  GigaBytes
Max Memory Allocated: 2.5022125244140625  GigaBytes

connection checking time:  0
block generation total time  0
average batch blocks generation time:  0
block dataloader generation time/epoch 0.003913971093984751
pseudo mini batch 0 input nodes size: 2081
----------------------------------------before load block subtensor 
 Nvidia-smi: 3.36474609375 GB
    Memory Allocated: 1.1246280670166016  GigaBytes
Max Memory Allocated: 2.5022125244140625  GigaBytes

----------------------------------------before batch input features to device
 Nvidia-smi: 3.36474609375 GB
    Memory Allocated: 1.1246280670166016  GigaBytes
Max Memory Allocated: 2.5022125244140625  GigaBytes

----------------------------------------after batch input features to device
 Nvidia-smi: 3.36474609375 GB
    Memory Allocated: 1.1363468170166016  GigaBytes
Max Memory Allocated: 2.5022125244140625  GigaBytes

----------------------------------------after  batch labels to device
 Nvidia-smi: 3.36474609375 GB
    Memory Allocated: 1.1363482475280762  GigaBytes
Max Memory Allocated: 2.5022125244140625  GigaBytes

----------------------------------------after load block subtensor  
 Nvidia-smi: 3.36474609375 GB
    Memory Allocated: 1.125114917755127  GigaBytes
Max Memory Allocated: 2.5022125244140625  GigaBytes

the counter of in-degree of the smallest block in current batch !!!!!!!!!!!!!!_______________!!!!!!!!!!
Counter({3: 26, 2: 25, 4: 22, 1: 20, 5: 15, 6: 11, 9: 4, 7: 4, 10: 3, 8: 3, 30: 2, 12: 2, 11: 1, 21: 1, 19: 1})

----------------------------------------after blocks to device 
 Nvidia-smi: 3.36474609375 GB
    Memory Allocated: 1.1251988410949707  GigaBytes
Max Memory Allocated: 2.5022125244140625  GigaBytes

----------------------------------------before batch_pred = model(blocks, batch_inputs) 
 Nvidia-smi: 3.36474609375 GB
    Memory Allocated: 1.1251988410949707  GigaBytes
Max Memory Allocated: 2.5022125244140625  GigaBytes

----------------------------------------- after batch_pred = model(blocks, batch_inputs) 
 Nvidia-smi: 3.36474609375 GB
    Memory Allocated: 2.1913204193115234  GigaBytes
Max Memory Allocated: 2.5022125244140625  GigaBytes

-----------------------------------------after loss calculation
 Nvidia-smi: 3.36474609375 GB
    Memory Allocated: 2.1913251876831055  GigaBytes
Max Memory Allocated: 2.5022125244140625  GigaBytes

-----------------------------------------after loss backward
 Nvidia-smi: 3.36474609375 GB
    Memory Allocated: 1.4914755821228027  GigaBytes
Max Memory Allocated: 2.5022125244140625  GigaBytes

-----------------------------------------after optimizer step
 Nvidia-smi: 3.36474609375 GB
    Memory Allocated: 1.4914755821228027  GigaBytes
Max Memory Allocated: 2.5022125244140625  GigaBytes

-----------------------------------------after optimizer zero grad
 Nvidia-smi: 3.36474609375 GB
    Memory Allocated: 1.1252169609069824  GigaBytes
Max Memory Allocated: 2.5022125244140625  GigaBytes

times | data loading | block to device | model prediction | loss calculation | loss backward |  optimizer step |
      |0.004503965377807617 |0.0008969306945800781 |0.1676483154296875 |9.989738464355469e-05 |0.4563884735107422 |0.003116130828857422 |
----------------------------------------------------------pseudo_mini_loss sum 4.47637939453125
Total (block generation + training)time/epoch 0.753653673025278
Training time/epoch 0.7484893798828125
Training time without block to device /epoch 0.7475924491882324
Training time without total dataloading part /epoch 0.6272528171539307
load block tensor time/epoch 0.004503965377807617
block to device time/epoch 0.0008969306945800781
input features size transfer per epoch 1.4901161193847656e-07
blocks size to device per epoch 1.1175870895385742e-07
 Run 0| Epoch 14 |
Number of nodes for computation during this epoch:  4234
Number of first layer input nodes during this epoch:  2081
Number of first layer output nodes during this epoch:  1515
----------------------------------------before generate dataloader block 
 Nvidia-smi: 3.36474609375 GB
    Memory Allocated: 1.1252164840698242  GigaBytes
Max Memory Allocated: 2.5022125244140625  GigaBytes

-----------------------------------------after block dataloader generation 
 Nvidia-smi: 3.36474609375 GB
    Memory Allocated: 1.1252164840698242  GigaBytes
Max Memory Allocated: 2.5022125244140625  GigaBytes

connection checking time:  0
block generation total time  0
average batch blocks generation time:  0
block dataloader generation time/epoch 0.003890718732561384
pseudo mini batch 0 input nodes size: 2079
----------------------------------------before load block subtensor 
 Nvidia-smi: 3.36474609375 GB
    Memory Allocated: 1.125114917755127  GigaBytes
Max Memory Allocated: 2.5022125244140625  GigaBytes

----------------------------------------before batch input features to device
 Nvidia-smi: 3.36474609375 GB
    Memory Allocated: 1.125114917755127  GigaBytes
Max Memory Allocated: 2.5022125244140625  GigaBytes

----------------------------------------after batch input features to device
 Nvidia-smi: 3.36474609375 GB
    Memory Allocated: 1.136213779449463  GigaBytes
Max Memory Allocated: 2.5022125244140625  GigaBytes

----------------------------------------after  batch labels to device
 Nvidia-smi: 3.36474609375 GB
    Memory Allocated: 1.1362152099609375  GigaBytes
Max Memory Allocated: 2.5022125244140625  GigaBytes

----------------------------------------after load block subtensor  
 Nvidia-smi: 3.36474609375 GB
    Memory Allocated: 1.124495029449463  GigaBytes
Max Memory Allocated: 2.5022125244140625  GigaBytes

the counter of in-degree of the smallest block in current batch !!!!!!!!!!!!!!_______________!!!!!!!!!!
Counter({3: 26, 2: 25, 4: 22, 1: 20, 5: 15, 6: 11, 9: 4, 7: 4, 10: 3, 8: 3, 12: 2, 30: 2, 21: 1, 19: 1, 11: 1})

----------------------------------------after blocks to device 
 Nvidia-smi: 3.36474609375 GB
    Memory Allocated: 1.1245789527893066  GigaBytes
Max Memory Allocated: 2.5022125244140625  GigaBytes

----------------------------------------before batch_pred = model(blocks, batch_inputs) 
 Nvidia-smi: 3.36474609375 GB
    Memory Allocated: 1.1245789527893066  GigaBytes
Max Memory Allocated: 2.5022125244140625  GigaBytes

----------------------------------------- after batch_pred = model(blocks, batch_inputs) 
 Nvidia-smi: 3.36474609375 GB
    Memory Allocated: 2.186406135559082  GigaBytes
Max Memory Allocated: 2.5022125244140625  GigaBytes

-----------------------------------------after loss calculation
 Nvidia-smi: 3.36474609375 GB
    Memory Allocated: 2.186410903930664  GigaBytes
Max Memory Allocated: 2.5022125244140625  GigaBytes

-----------------------------------------after loss backward
 Nvidia-smi: 3.36474609375 GB
    Memory Allocated: 1.4914593696594238  GigaBytes
Max Memory Allocated: 2.5022125244140625  GigaBytes

-----------------------------------------after optimizer step
 Nvidia-smi: 3.36474609375 GB
    Memory Allocated: 1.4914593696594238  GigaBytes
Max Memory Allocated: 2.5022125244140625  GigaBytes

-----------------------------------------after optimizer zero grad
 Nvidia-smi: 3.36474609375 GB
    Memory Allocated: 1.1245970726013184  GigaBytes
Max Memory Allocated: 2.5022125244140625  GigaBytes

times | data loading | block to device | model prediction | loss calculation | loss backward |  optimizer step |
      |0.005169391632080078 |0.0008454322814941406 |0.16718626022338867 |0.00010061264038085938 |0.45638108253479004 |0.0021812915802001953 |
----------------------------------------------------------pseudo_mini_loss sum 3.281071424484253
Total (block generation + training)time/epoch 0.7535801444734845
Training time/epoch 0.7489542961120605
Training time without block to device /epoch 0.7481088638305664
Training time without total dataloading part /epoch 0.6258492469787598
load block tensor time/epoch 0.005169391632080078
block to device time/epoch 0.0008454322814941406
input features size transfer per epoch 1.4901161193847656e-07
blocks size to device per epoch 1.1175870895385742e-07
 Run 0| Epoch 15 |
Number of nodes for computation during this epoch:  4234
Number of first layer input nodes during this epoch:  2079
Number of first layer output nodes during this epoch:  1517
----------------------------------------before generate dataloader block 
 Nvidia-smi: 3.36474609375 GB
    Memory Allocated: 1.1245965957641602  GigaBytes
Max Memory Allocated: 2.5022125244140625  GigaBytes

-----------------------------------------after block dataloader generation 
 Nvidia-smi: 3.36474609375 GB
    Memory Allocated: 1.1245965957641602  GigaBytes
Max Memory Allocated: 2.5022125244140625  GigaBytes

connection checking time:  0
block generation total time  0
average batch blocks generation time:  0
block dataloader generation time/epoch 0.003884760538736979
pseudo mini batch 0 input nodes size: 2090
----------------------------------------before load block subtensor 
 Nvidia-smi: 3.36474609375 GB
    Memory Allocated: 1.124495029449463  GigaBytes
Max Memory Allocated: 2.5022125244140625  GigaBytes

----------------------------------------before batch input features to device
 Nvidia-smi: 3.36474609375 GB
    Memory Allocated: 1.124495029449463  GigaBytes
Max Memory Allocated: 2.5022125244140625  GigaBytes

----------------------------------------after batch input features to device
 Nvidia-smi: 3.36474609375 GB
    Memory Allocated: 1.136213779449463  GigaBytes
Max Memory Allocated: 2.5022125244140625  GigaBytes

----------------------------------------after  batch labels to device
 Nvidia-smi: 3.36474609375 GB
    Memory Allocated: 1.1362152099609375  GigaBytes
Max Memory Allocated: 2.5022125244140625  GigaBytes

----------------------------------------after load block subtensor  
 Nvidia-smi: 3.36474609375 GB
    Memory Allocated: 1.125114917755127  GigaBytes
Max Memory Allocated: 2.5022125244140625  GigaBytes

the counter of in-degree of the smallest block in current batch !!!!!!!!!!!!!!_______________!!!!!!!!!!
Counter({3: 26, 2: 25, 4: 22, 1: 20, 5: 15, 6: 11, 7: 4, 9: 4, 10: 3, 8: 3, 30: 2, 12: 2, 21: 1, 19: 1, 11: 1})

----------------------------------------after blocks to device 
 Nvidia-smi: 3.36474609375 GB
    Memory Allocated: 1.1251988410949707  GigaBytes
Max Memory Allocated: 2.5022125244140625  GigaBytes

----------------------------------------before batch_pred = model(blocks, batch_inputs) 
 Nvidia-smi: 3.36474609375 GB
    Memory Allocated: 1.1251988410949707  GigaBytes
Max Memory Allocated: 2.5022125244140625  GigaBytes

----------------------------------------- after batch_pred = model(blocks, batch_inputs) 
 Nvidia-smi: 3.36474609375 GB
    Memory Allocated: 2.189044952392578  GigaBytes
Max Memory Allocated: 2.5022125244140625  GigaBytes

-----------------------------------------after loss calculation
 Nvidia-smi: 3.36474609375 GB
    Memory Allocated: 2.18904972076416  GigaBytes
Max Memory Allocated: 2.5022125244140625  GigaBytes

-----------------------------------------after loss backward
 Nvidia-smi: 3.36474609375 GB
    Memory Allocated: 1.4909272193908691  GigaBytes
Max Memory Allocated: 2.5022125244140625  GigaBytes

-----------------------------------------after optimizer step
 Nvidia-smi: 3.36474609375 GB
    Memory Allocated: 1.4909272193908691  GigaBytes
Max Memory Allocated: 2.5022125244140625  GigaBytes

-----------------------------------------after optimizer zero grad
 Nvidia-smi: 3.36474609375 GB
    Memory Allocated: 1.1252169609069824  GigaBytes
Max Memory Allocated: 2.5022125244140625  GigaBytes

times | data loading | block to device | model prediction | loss calculation | loss backward |  optimizer step |
      |0.005136251449584961 |0.0008804798126220703 |0.16803860664367676 |0.00010585784912109375 |0.45606470108032227 |0.002277851104736328 |
----------------------------------------------------------pseudo_mini_loss sum 2.90529727935791
Total (block generation + training)time/epoch 0.7535800774892171
Training time/epoch 0.7496614456176758
Training time without block to device /epoch 0.7487809658050537
Training time without total dataloading part /epoch 0.6264870166778564
load block tensor time/epoch 0.005136251449584961
block to device time/epoch 0.0008804798126220703
input features size transfer per epoch 1.4901161193847656e-07
blocks size to device per epoch 1.1175870895385742e-07
 Run 0| Epoch 16 |
Number of nodes for computation during this epoch:  4248
Number of first layer input nodes during this epoch:  2090
Number of first layer output nodes during this epoch:  1522
----------------------------------------before generate dataloader block 
 Nvidia-smi: 3.36474609375 GB
    Memory Allocated: 1.1252164840698242  GigaBytes
Max Memory Allocated: 2.5022125244140625  GigaBytes

-----------------------------------------after block dataloader generation 
 Nvidia-smi: 3.36474609375 GB
    Memory Allocated: 1.1252164840698242  GigaBytes
Max Memory Allocated: 2.5022125244140625  GigaBytes

connection checking time:  0
block generation total time  0
average batch blocks generation time:  0
block dataloader generation time/epoch 0.0038959532976150513
pseudo mini batch 0 input nodes size: 2083
----------------------------------------before load block subtensor 
 Nvidia-smi: 3.36474609375 GB
    Memory Allocated: 1.125114917755127  GigaBytes
Max Memory Allocated: 2.5022125244140625  GigaBytes

----------------------------------------before batch input features to device
 Nvidia-smi: 3.36474609375 GB
    Memory Allocated: 1.125114917755127  GigaBytes
Max Memory Allocated: 2.5022125244140625  GigaBytes

----------------------------------------after batch input features to device
 Nvidia-smi: 3.36474609375 GB
    Memory Allocated: 1.1362347602844238  GigaBytes
Max Memory Allocated: 2.5022125244140625  GigaBytes

----------------------------------------after  batch labels to device
 Nvidia-smi: 3.36474609375 GB
    Memory Allocated: 1.1362361907958984  GigaBytes
Max Memory Allocated: 2.5022125244140625  GigaBytes

----------------------------------------after load block subtensor  
 Nvidia-smi: 3.36474609375 GB
    Memory Allocated: 1.1245160102844238  GigaBytes
Max Memory Allocated: 2.5022125244140625  GigaBytes

the counter of in-degree of the smallest block in current batch !!!!!!!!!!!!!!_______________!!!!!!!!!!
Counter({3: 26, 2: 25, 4: 22, 1: 20, 5: 15, 6: 11, 7: 4, 9: 4, 8: 3, 10: 3, 12: 2, 30: 2, 19: 1, 21: 1, 11: 1})

----------------------------------------after blocks to device 
 Nvidia-smi: 3.36474609375 GB
    Memory Allocated: 1.1245999336242676  GigaBytes
Max Memory Allocated: 2.5022125244140625  GigaBytes

----------------------------------------before batch_pred = model(blocks, batch_inputs) 
 Nvidia-smi: 3.36474609375 GB
    Memory Allocated: 1.1245999336242676  GigaBytes
Max Memory Allocated: 2.5022125244140625  GigaBytes

----------------------------------------- after batch_pred = model(blocks, batch_inputs) 
 Nvidia-smi: 3.36474609375 GB
    Memory Allocated: 2.1859130859375  GigaBytes
Max Memory Allocated: 2.5022125244140625  GigaBytes

-----------------------------------------after loss calculation
 Nvidia-smi: 3.36474609375 GB
    Memory Allocated: 2.185917854309082  GigaBytes
Max Memory Allocated: 2.5022125244140625  GigaBytes

-----------------------------------------after loss backward
 Nvidia-smi: 3.36474609375 GB
    Memory Allocated: 1.4914746284484863  GigaBytes
Max Memory Allocated: 2.5022125244140625  GigaBytes

-----------------------------------------after optimizer step
 Nvidia-smi: 3.36474609375 GB
    Memory Allocated: 1.4914746284484863  GigaBytes
Max Memory Allocated: 2.5022125244140625  GigaBytes

-----------------------------------------after optimizer zero grad
 Nvidia-smi: 3.36474609375 GB
    Memory Allocated: 1.1246180534362793  GigaBytes
Max Memory Allocated: 2.5022125244140625  GigaBytes

times | data loading | block to device | model prediction | loss calculation | loss backward |  optimizer step |
      |0.0045092105865478516 |0.0008592605590820312 |0.16751360893249512 |0.00010323524475097656 |0.4567110538482666 |0.003002166748046875 |
----------------------------------------------------------pseudo_mini_loss sum 2.5030250549316406
Total (block generation + training)time/epoch 0.7535205483436584
Training time/epoch 0.7484831809997559
Training time without block to device /epoch 0.7476239204406738
Training time without total dataloading part /epoch 0.6273300647735596
load block tensor time/epoch 0.0045092105865478516
block to device time/epoch 0.0008592605590820312
input features size transfer per epoch 1.4901161193847656e-07
blocks size to device per epoch 1.1175870895385742e-07
 Run 0| Epoch 17 |
Number of nodes for computation during this epoch:  4228
Number of first layer input nodes during this epoch:  2083
Number of first layer output nodes during this epoch:  1509
----------------------------------------before generate dataloader block 
 Nvidia-smi: 3.36474609375 GB
    Memory Allocated: 1.124617576599121  GigaBytes
Max Memory Allocated: 2.5022125244140625  GigaBytes

-----------------------------------------after block dataloader generation 
 Nvidia-smi: 3.36474609375 GB
    Memory Allocated: 1.124617576599121  GigaBytes
Max Memory Allocated: 2.5022125244140625  GigaBytes

connection checking time:  0
block generation total time  0
average batch blocks generation time:  0
block dataloader generation time/epoch 0.0038774995242848117
pseudo mini batch 0 input nodes size: 2080
----------------------------------------before load block subtensor 
 Nvidia-smi: 3.36474609375 GB
    Memory Allocated: 1.1245160102844238  GigaBytes
Max Memory Allocated: 2.5022125244140625  GigaBytes

----------------------------------------before batch input features to device
 Nvidia-smi: 3.36474609375 GB
    Memory Allocated: 1.1245160102844238  GigaBytes
Max Memory Allocated: 2.5022125244140625  GigaBytes

----------------------------------------after batch input features to device
 Nvidia-smi: 3.36474609375 GB
    Memory Allocated: 1.1362347602844238  GigaBytes
Max Memory Allocated: 2.5022125244140625  GigaBytes

----------------------------------------after  batch labels to device
 Nvidia-smi: 3.36474609375 GB
    Memory Allocated: 1.1362361907958984  GigaBytes
Max Memory Allocated: 2.5022125244140625  GigaBytes

----------------------------------------after load block subtensor  
 Nvidia-smi: 3.36474609375 GB
    Memory Allocated: 1.125114917755127  GigaBytes
Max Memory Allocated: 2.5022125244140625  GigaBytes

the counter of in-degree of the smallest block in current batch !!!!!!!!!!!!!!_______________!!!!!!!!!!
Counter({3: 26, 2: 25, 4: 22, 1: 20, 5: 15, 6: 11, 9: 4, 7: 4, 8: 3, 10: 3, 30: 2, 12: 2, 11: 1, 19: 1, 21: 1})

----------------------------------------after blocks to device 
 Nvidia-smi: 3.36474609375 GB
    Memory Allocated: 1.1251988410949707  GigaBytes
Max Memory Allocated: 2.5022125244140625  GigaBytes

----------------------------------------before batch_pred = model(blocks, batch_inputs) 
 Nvidia-smi: 3.36474609375 GB
    Memory Allocated: 1.1251988410949707  GigaBytes
Max Memory Allocated: 2.5022125244140625  GigaBytes

----------------------------------------- after batch_pred = model(blocks, batch_inputs) 
 Nvidia-smi: 3.36474609375 GB
    Memory Allocated: 2.186811923980713  GigaBytes
Max Memory Allocated: 2.5022125244140625  GigaBytes

-----------------------------------------after loss calculation
 Nvidia-smi: 3.36474609375 GB
    Memory Allocated: 2.186816692352295  GigaBytes
Max Memory Allocated: 2.5022125244140625  GigaBytes

-----------------------------------------after loss backward
 Nvidia-smi: 3.36474609375 GB
    Memory Allocated: 1.490373134613037  GigaBytes
Max Memory Allocated: 2.5022125244140625  GigaBytes

-----------------------------------------after optimizer step
 Nvidia-smi: 3.36474609375 GB
    Memory Allocated: 1.490373134613037  GigaBytes
Max Memory Allocated: 2.5022125244140625  GigaBytes

-----------------------------------------after optimizer zero grad
 Nvidia-smi: 3.36474609375 GB
    Memory Allocated: 1.1252169609069824  GigaBytes
Max Memory Allocated: 2.5022125244140625  GigaBytes

times | data loading | block to device | model prediction | loss calculation | loss backward |  optimizer step |
      |0.005075216293334961 |0.0008594989776611328 |0.16714906692504883 |9.989738464355469e-05 |0.45583534240722656 |0.0038552284240722656 |
----------------------------------------------------------pseudo_mini_loss sum 2.4628114700317383
Total (block generation + training)time/epoch 0.7534180669223561
Training time/epoch 0.7481160163879395
Training time without block to device /epoch 0.7472565174102783
Training time without total dataloading part /epoch 0.6269395351409912
load block tensor time/epoch 0.005075216293334961
block to device time/epoch 0.0008594989776611328
input features size transfer per epoch 1.4901161193847656e-07
blocks size to device per epoch 1.1175870895385742e-07
 Run 0| Epoch 18 |
Number of nodes for computation during this epoch:  4222
Number of first layer input nodes during this epoch:  2080
Number of first layer output nodes during this epoch:  1504
----------------------------------------before generate dataloader block 
 Nvidia-smi: 3.36474609375 GB
    Memory Allocated: 1.1252164840698242  GigaBytes
Max Memory Allocated: 2.5022125244140625  GigaBytes

-----------------------------------------after block dataloader generation 
 Nvidia-smi: 3.36474609375 GB
    Memory Allocated: 1.1252164840698242  GigaBytes
Max Memory Allocated: 2.5022125244140625  GigaBytes

connection checking time:  0
block generation total time  0
average batch blocks generation time:  0
block dataloader generation time/epoch 0.0039007398817274305
pseudo mini batch 0 input nodes size: 2086
----------------------------------------before load block subtensor 
 Nvidia-smi: 3.36474609375 GB
    Memory Allocated: 1.125114917755127  GigaBytes
Max Memory Allocated: 2.5022125244140625  GigaBytes

----------------------------------------before batch input features to device
 Nvidia-smi: 3.36474609375 GB
    Memory Allocated: 1.125114917755127  GigaBytes
Max Memory Allocated: 2.5022125244140625  GigaBytes

----------------------------------------after batch input features to device
 Nvidia-smi: 3.36474609375 GB
    Memory Allocated: 1.1362509727478027  GigaBytes
Max Memory Allocated: 2.5022125244140625  GigaBytes

----------------------------------------after  batch labels to device
 Nvidia-smi: 3.36474609375 GB
    Memory Allocated: 1.1362524032592773  GigaBytes
Max Memory Allocated: 2.5022125244140625  GigaBytes

----------------------------------------after load block subtensor  
 Nvidia-smi: 3.36474609375 GB
    Memory Allocated: 1.1245322227478027  GigaBytes
Max Memory Allocated: 2.5022125244140625  GigaBytes

the counter of in-degree of the smallest block in current batch !!!!!!!!!!!!!!_______________!!!!!!!!!!
Counter({3: 26, 2: 25, 4: 22, 1: 20, 5: 15, 6: 11, 9: 4, 7: 4, 8: 3, 10: 3, 30: 2, 12: 2, 21: 1, 11: 1, 19: 1})

----------------------------------------after blocks to device 
 Nvidia-smi: 3.36474609375 GB
    Memory Allocated: 1.1246161460876465  GigaBytes
Max Memory Allocated: 2.5022125244140625  GigaBytes

----------------------------------------before batch_pred = model(blocks, batch_inputs) 
 Nvidia-smi: 3.36474609375 GB
    Memory Allocated: 1.1246161460876465  GigaBytes
Max Memory Allocated: 2.5022125244140625  GigaBytes

----------------------------------------- after batch_pred = model(blocks, batch_inputs) 
 Nvidia-smi: 3.36474609375 GB
    Memory Allocated: 2.194742202758789  GigaBytes
Max Memory Allocated: 2.5022125244140625  GigaBytes

-----------------------------------------after loss calculation
 Nvidia-smi: 3.36474609375 GB
    Memory Allocated: 2.194746971130371  GigaBytes
Max Memory Allocated: 2.5022125244140625  GigaBytes

-----------------------------------------after loss backward
 Nvidia-smi: 3.36474609375 GB
    Memory Allocated: 1.490828037261963  GigaBytes
Max Memory Allocated: 2.5022125244140625  GigaBytes

-----------------------------------------after optimizer step
 Nvidia-smi: 3.36474609375 GB
    Memory Allocated: 1.490828037261963  GigaBytes
Max Memory Allocated: 2.5022125244140625  GigaBytes

-----------------------------------------after optimizer zero grad
 Nvidia-smi: 3.36474609375 GB
    Memory Allocated: 1.1246342658996582  GigaBytes
Max Memory Allocated: 2.5022125244140625  GigaBytes

times | data loading | block to device | model prediction | loss calculation | loss backward |  optimizer step |
      |0.004535198211669922 |0.0008974075317382812 |0.1674485206604004 |0.00014066696166992188 |0.45667457580566406 |0.0031669139862060547 |
----------------------------------------------------------pseudo_mini_loss sum 2.4639549255371094
Total (block generation + training)time/epoch 0.7533754375245836
Training time/epoch 0.748253345489502
Training time without block to device /epoch 0.7473559379577637
Training time without total dataloading part /epoch 0.6274306774139404
load block tensor time/epoch 0.004535198211669922
block to device time/epoch 0.0008974075317382812
input features size transfer per epoch 1.4901161193847656e-07
blocks size to device per epoch 1.1175870895385742e-07
 Run 0| Epoch 19 |
Number of nodes for computation during this epoch:  4245
Number of first layer input nodes during this epoch:  2086
Number of first layer output nodes during this epoch:  1521
GraphSAGE(
  (layers): ModuleList(
    (0): SAGEConv(
      (lstm): LSTM(1433, 1433, batch_first=True)
      (fc_self): Linear(in_features=1433, out_features=2048, bias=False)
      (fc_neigh): Linear(in_features=1433, out_features=2048, bias=False)
    )
    (1): SAGEConv(
      (lstm): LSTM(2048, 2048, batch_first=True)
      (fc_self): Linear(in_features=2048, out_features=2048, bias=False)
      (fc_neigh): Linear(in_features=2048, out_features=2048, bias=False)
    )
    (2): SAGEConv(
      (lstm): LSTM(2048, 2048, batch_first=True)
      (fc_self): Linear(in_features=2048, out_features=7, bias=False)
      (fc_neigh): Linear(in_features=2048, out_features=7, bias=False)
    )
  )
  (dropout): Dropout(p=0.5, inplace=False)
)
total model parameters size  97867856
trainable parameters
layers.0.lstm.weight_ih_l0, torch.Size([5732, 1433])
layers.0.lstm.weight_hh_l0, torch.Size([5732, 1433])
layers.0.lstm.bias_ih_l0, torch.Size([5732])
layers.0.lstm.bias_hh_l0, torch.Size([5732])
layers.0.fc_self.weight, torch.Size([2048, 1433])
layers.0.fc_neigh.weight, torch.Size([2048, 1433])
layers.1.lstm.weight_ih_l0, torch.Size([8192, 2048])
layers.1.lstm.weight_hh_l0, torch.Size([8192, 2048])
layers.1.lstm.bias_ih_l0, torch.Size([8192])
layers.1.lstm.bias_hh_l0, torch.Size([8192])
layers.1.fc_self.weight, torch.Size([2048, 2048])
layers.1.fc_neigh.weight, torch.Size([2048, 2048])
layers.2.lstm.weight_ih_l0, torch.Size([8192, 2048])
layers.2.lstm.weight_hh_l0, torch.Size([8192, 2048])
layers.2.lstm.bias_ih_l0, torch.Size([8192])
layers.2.lstm.bias_hh_l0, torch.Size([8192])
layers.2.fc_self.weight, torch.Size([7, 2048])
layers.2.fc_neigh.weight, torch.Size([7, 2048])
----------------------------------------
un-trainable parameters
